
*** Running vivado
    with args -log tutorial_s00_mmu_0.vds -m64 -product Vivado -mode batch -messageDb vivado.pb -notrace -source tutorial_s00_mmu_0.tcl


****** Vivado v2018.3 (64-bit)
  **** SW Build 2405991 on Thu Dec  6 23:36:41 MST 2018
  **** IP Build 2404404 on Fri Dec  7 01:43:56 MST 2018
    ** Copyright 1986-2018 Xilinx, Inc. All Rights Reserved.

source tutorial_s00_mmu_0.tcl -notrace
Command: synth_design -top tutorial_s00_mmu_0 -part xc7z020clg400-1 -mode out_of_context
Starting synth_design
Attempting to get a license for feature 'Synthesis' and/or device 'xc7z020'
INFO: [Common 17-349] Got license for feature 'Synthesis' and/or device 'xc7z020'
INFO: Launching helper process for spawning children vivado processes
INFO: Helper process launched with PID 20049 
---------------------------------------------------------------------------------
Starting RTL Elaboration : Time (s): cpu = 00:00:04 ; elapsed = 00:00:04 . Memory (MB): peak = 1383.359 ; gain = 37.922 ; free physical = 925 ; free virtual = 5097
---------------------------------------------------------------------------------
INFO: [Synth 8-6157] synthesizing module 'tutorial_s00_mmu_0' [/home/nachiket/ece327-s22/labs/jlmrocze-lab4/overlay/tutorial/tutorial.srcs/sources_1/bd/tutorial/ip/tutorial_s00_mmu_0/synth/tutorial_s00_mmu_0.v:58]
INFO: [Synth 8-6157] synthesizing module 'axi_mmu_v2_1_16_top' [/home/nachiket/ece327-s22/labs/jlmrocze-lab4/overlay/tutorial/tutorial.srcs/sources_1/bd/tutorial/ipshared/e3c9/hdl/axi_mmu_v2_1_vl_rfs.v:557]
	Parameter C_FAMILY bound to: zynq - type: string 
	Parameter C_AXI_PROTOCOL bound to: 0 - type: integer 
	Parameter C_AXI_ID_WIDTH bound to: 1 - type: integer 
	Parameter C_S_AXI_ADDR_WIDTH bound to: 32 - type: integer 
	Parameter C_M_AXI_ADDR_WIDTH bound to: 32 - type: integer 
	Parameter C_AXI_DATA_WIDTH bound to: 32 - type: integer 
	Parameter C_AXI_SUPPORTS_USER_SIGNALS bound to: 0 - type: integer 
	Parameter C_AXI_AWUSER_WIDTH bound to: 1 - type: integer 
	Parameter C_AXI_ARUSER_WIDTH bound to: 1 - type: integer 
	Parameter C_AXI_WUSER_WIDTH bound to: 1 - type: integer 
	Parameter C_AXI_RUSER_WIDTH bound to: 1 - type: integer 
	Parameter C_AXI_BUSER_WIDTH bound to: 1 - type: integer 
	Parameter C_NUM_RANGES bound to: 2 - type: integer 
	Parameter C_BASE_ADDR bound to: 128'b00000000000000000000000000000000111111000000000000000000000000000000000000000000000000000000000000000000000000000000000000000000 
	Parameter C_RANGE_SIZE bound to: 64'b0000000000000000000000000001100000000000000000000000000000011101 
	Parameter C_USES_DEST bound to: 0 - type: integer 
	Parameter C_DEST_WIDTH bound to: 1 - type: integer 
	Parameter C_DEST bound to: 2'b00 
	Parameter C_PREFIX_WIDTH bound to: 1 - type: integer 
	Parameter C_PREFIX bound to: 2'b00 
	Parameter C_S_AXI_SUPPORTS_WRITE bound to: 0 - type: integer 
	Parameter C_S_AXI_SUPPORTS_READ bound to: 1 - type: integer 
	Parameter C_M_AXI_SUPPORTS_WRITE bound to: 2'b11 
	Parameter C_M_AXI_SUPPORTS_READ bound to: 2'b11 
	Parameter P_AXI4 bound to: 0 - type: integer 
	Parameter P_AXI3 bound to: 1 - type: integer 
	Parameter P_AXILITE bound to: 2 - type: integer 
	Parameter P_DECERR bound to: 2'b11 
	Parameter P_NUM_RANGES_LOG bound to: 1 - type: integer 
	Parameter W_IDLE bound to: 2'b00 
	Parameter W_PENDING bound to: 2'b01 
	Parameter W_DECERR bound to: 2'b11 
	Parameter R_IDLE bound to: 2'b00 
	Parameter R_PENDING bound to: 2'b01 
	Parameter R_DECERR bound to: 2'b11 
INFO: [Synth 8-6157] synthesizing module 'axi_mmu_v2_1_16_addr_decoder' [/home/nachiket/ece327-s22/labs/jlmrocze-lab4/overlay/tutorial/tutorial.srcs/sources_1/bd/tutorial/ipshared/e3c9/hdl/axi_mmu_v2_1_vl_rfs.v:63]
	Parameter C_FAMILY bound to: zynq - type: string 
	Parameter C_NUM_RANGES bound to: 2 - type: integer 
	Parameter C_NUM_RANGES_LOG bound to: 1 - type: integer 
	Parameter C_ADDR_WIDTH bound to: 32 - type: integer 
	Parameter C_BASE_ADDR bound to: 128'b00000000000000000000000000000000111111000000000000000000000000000000000000000000000000000000000000000000000000000000000000000000 
	Parameter C_RANGE_SIZE bound to: 64'b0000000000000000000000000001100000000000000000000000000000011101 
	Parameter C_RANGE_QUAL bound to: 3'b011 
INFO: [Synth 8-6155] done synthesizing module 'axi_mmu_v2_1_16_addr_decoder' (1#1) [/home/nachiket/ece327-s22/labs/jlmrocze-lab4/overlay/tutorial/tutorial.srcs/sources_1/bd/tutorial/ipshared/e3c9/hdl/axi_mmu_v2_1_vl_rfs.v:63]
INFO: [Synth 8-6157] synthesizing module 'axi_mmu_v2_1_16_decerr_slave' [/home/nachiket/ece327-s22/labs/jlmrocze-lab4/overlay/tutorial/tutorial.srcs/sources_1/bd/tutorial/ipshared/e3c9/hdl/axi_mmu_v2_1_vl_rfs.v:201]
	Parameter C_AXI_ID_WIDTH bound to: 1 - type: integer 
	Parameter C_AXI_DATA_WIDTH bound to: 32 - type: integer 
	Parameter C_AXI_BUSER_WIDTH bound to: 1 - type: integer 
	Parameter C_AXI_RUSER_WIDTH bound to: 1 - type: integer 
	Parameter C_AXI_PROTOCOL bound to: 0 - type: integer 
	Parameter C_AXI_SUPPORTS_WRITE bound to: 0 - type: integer 
	Parameter C_AXI_SUPPORTS_READ bound to: 1 - type: integer 
	Parameter C_RESP bound to: 3 - type: integer 
	Parameter P_WRITE_IDLE bound to: 2'b00 
	Parameter P_WRITE_DATA bound to: 2'b01 
	Parameter P_WRITE_RESP bound to: 2'b10 
	Parameter P_READ_IDLE bound to: 1'b0 
	Parameter P_READ_DATA bound to: 1'b1 
	Parameter P_AXI4 bound to: 0 - type: integer 
	Parameter P_AXI3 bound to: 1 - type: integer 
	Parameter P_AXILITE bound to: 2 - type: integer 
INFO: [Synth 8-6155] done synthesizing module 'axi_mmu_v2_1_16_decerr_slave' (2#1) [/home/nachiket/ece327-s22/labs/jlmrocze-lab4/overlay/tutorial/tutorial.srcs/sources_1/bd/tutorial/ipshared/e3c9/hdl/axi_mmu_v2_1_vl_rfs.v:201]
INFO: [Synth 8-6157] synthesizing module 'axi_register_slice_v2_1_18_axi_register_slice' [/home/nachiket/ece327-s22/labs/jlmrocze-lab4/overlay/tutorial/tutorial.srcs/sources_1/bd/tutorial/ipshared/cc23/hdl/axi_register_slice_v2_1_vl_rfs.v:2637]
	Parameter C_FAMILY bound to: zynq - type: string 
	Parameter C_AXI_PROTOCOL bound to: 0 - type: integer 
	Parameter C_AXI_ID_WIDTH bound to: 1 - type: integer 
	Parameter C_AXI_ADDR_WIDTH bound to: 33 - type: integer 
	Parameter C_AXI_DATA_WIDTH bound to: 32 - type: integer 
	Parameter C_AXI_SUPPORTS_USER_SIGNALS bound to: 0 - type: integer 
	Parameter C_AXI_AWUSER_WIDTH bound to: 1 - type: integer 
	Parameter C_AXI_ARUSER_WIDTH bound to: 1 - type: integer 
	Parameter C_AXI_WUSER_WIDTH bound to: 1 - type: integer 
	Parameter C_AXI_RUSER_WIDTH bound to: 1 - type: integer 
	Parameter C_AXI_BUSER_WIDTH bound to: 1 - type: integer 
	Parameter C_REG_CONFIG_AW bound to: 0 - type: integer 
	Parameter C_REG_CONFIG_W bound to: 0 - type: integer 
	Parameter C_REG_CONFIG_B bound to: 0 - type: integer 
	Parameter C_REG_CONFIG_AR bound to: 7 - type: integer 
	Parameter C_REG_CONFIG_R bound to: 0 - type: integer 
	Parameter C_NUM_SLR_CROSSINGS bound to: 0 - type: integer 
	Parameter C_PIPELINES_MASTER_AW bound to: 0 - type: integer 
	Parameter C_PIPELINES_MASTER_W bound to: 0 - type: integer 
	Parameter C_PIPELINES_MASTER_B bound to: 0 - type: integer 
	Parameter C_PIPELINES_MASTER_AR bound to: 0 - type: integer 
	Parameter C_PIPELINES_MASTER_R bound to: 0 - type: integer 
	Parameter C_PIPELINES_SLAVE_AW bound to: 0 - type: integer 
	Parameter C_PIPELINES_SLAVE_W bound to: 0 - type: integer 
	Parameter C_PIPELINES_SLAVE_B bound to: 0 - type: integer 
	Parameter C_PIPELINES_SLAVE_AR bound to: 0 - type: integer 
	Parameter C_PIPELINES_SLAVE_R bound to: 0 - type: integer 
	Parameter C_PIPELINES_MIDDLE_AW bound to: 0 - type: integer 
	Parameter C_PIPELINES_MIDDLE_W bound to: 0 - type: integer 
	Parameter C_PIPELINES_MIDDLE_B bound to: 0 - type: integer 
	Parameter C_PIPELINES_MIDDLE_AR bound to: 0 - type: integer 
	Parameter C_PIPELINES_MIDDLE_R bound to: 0 - type: integer 
	Parameter C_AXI_SUPPORTS_REGION_SIGNALS bound to: 1 - type: integer 
	Parameter P_FORWARD bound to: 0 - type: integer 
	Parameter P_RESPONSE bound to: 1 - type: integer 
	Parameter G_AXI_AWADDR_INDEX bound to: 0 - type: integer 
	Parameter G_AXI_AWADDR_WIDTH bound to: 33 - type: integer 
	Parameter G_AXI_AWPROT_INDEX bound to: 33 - type: integer 
	Parameter G_AXI_AWPROT_WIDTH bound to: 3 - type: integer 
	Parameter G_AXI_AWSIZE_INDEX bound to: 36 - type: integer 
	Parameter G_AXI_AWSIZE_WIDTH bound to: 3 - type: integer 
	Parameter G_AXI_AWBURST_INDEX bound to: 39 - type: integer 
	Parameter G_AXI_AWBURST_WIDTH bound to: 2 - type: integer 
	Parameter G_AXI_AWCACHE_INDEX bound to: 41 - type: integer 
	Parameter G_AXI_AWCACHE_WIDTH bound to: 4 - type: integer 
	Parameter G_AXI_AWLEN_INDEX bound to: 45 - type: integer 
	Parameter G_AXI_AWLEN_WIDTH bound to: 8 - type: integer 
	Parameter G_AXI_AWLOCK_INDEX bound to: 53 - type: integer 
	Parameter G_AXI_AWLOCK_WIDTH bound to: 1 - type: integer 
	Parameter G_AXI_AWID_INDEX bound to: 54 - type: integer 
	Parameter G_AXI_AWID_WIDTH bound to: 1 - type: integer 
	Parameter G_AXI_AWQOS_INDEX bound to: 55 - type: integer 
	Parameter G_AXI_AWQOS_WIDTH bound to: 4 - type: integer 
	Parameter G_AXI_AWREGION_INDEX bound to: 59 - type: integer 
	Parameter G_AXI_AWREGION_WIDTH bound to: 4 - type: integer 
	Parameter G_AXI_AWUSER_INDEX bound to: 63 - type: integer 
	Parameter G_AXI_AWUSER_WIDTH bound to: 0 - type: integer 
	Parameter G_AXI_AWPAYLOAD_WIDTH bound to: 63 - type: integer 
	Parameter G_AXI_ARADDR_INDEX bound to: 0 - type: integer 
	Parameter G_AXI_ARADDR_WIDTH bound to: 33 - type: integer 
	Parameter G_AXI_ARPROT_INDEX bound to: 33 - type: integer 
	Parameter G_AXI_ARPROT_WIDTH bound to: 3 - type: integer 
	Parameter G_AXI_ARSIZE_INDEX bound to: 36 - type: integer 
	Parameter G_AXI_ARSIZE_WIDTH bound to: 3 - type: integer 
	Parameter G_AXI_ARBURST_INDEX bound to: 39 - type: integer 
	Parameter G_AXI_ARBURST_WIDTH bound to: 2 - type: integer 
	Parameter G_AXI_ARCACHE_INDEX bound to: 41 - type: integer 
	Parameter G_AXI_ARCACHE_WIDTH bound to: 4 - type: integer 
	Parameter G_AXI_ARLEN_INDEX bound to: 45 - type: integer 
	Parameter G_AXI_ARLEN_WIDTH bound to: 8 - type: integer 
	Parameter G_AXI_ARLOCK_INDEX bound to: 53 - type: integer 
	Parameter G_AXI_ARLOCK_WIDTH bound to: 1 - type: integer 
	Parameter G_AXI_ARID_INDEX bound to: 54 - type: integer 
	Parameter G_AXI_ARID_WIDTH bound to: 1 - type: integer 
	Parameter G_AXI_ARQOS_INDEX bound to: 55 - type: integer 
	Parameter G_AXI_ARQOS_WIDTH bound to: 4 - type: integer 
	Parameter G_AXI_ARREGION_INDEX bound to: 59 - type: integer 
	Parameter G_AXI_ARREGION_WIDTH bound to: 4 - type: integer 
	Parameter G_AXI_ARUSER_INDEX bound to: 63 - type: integer 
	Parameter G_AXI_ARUSER_WIDTH bound to: 0 - type: integer 
	Parameter G_AXI_ARPAYLOAD_WIDTH bound to: 63 - type: integer 
	Parameter G_AXI_WDATA_INDEX bound to: 0 - type: integer 
	Parameter G_AXI_WDATA_WIDTH bound to: 32 - type: integer 
	Parameter G_AXI_WSTRB_INDEX bound to: 32 - type: integer 
	Parameter G_AXI_WSTRB_WIDTH bound to: 4 - type: integer 
	Parameter G_AXI_WLAST_INDEX bound to: 36 - type: integer 
	Parameter G_AXI_WLAST_WIDTH bound to: 1 - type: integer 
	Parameter G_AXI_WID_INDEX bound to: 37 - type: integer 
	Parameter G_AXI_WID_WIDTH bound to: 0 - type: integer 
	Parameter G_AXI_WUSER_INDEX bound to: 37 - type: integer 
	Parameter G_AXI_WUSER_WIDTH bound to: 0 - type: integer 
	Parameter G_AXI_WPAYLOAD_WIDTH bound to: 37 - type: integer 
	Parameter G_AXI_BRESP_INDEX bound to: 0 - type: integer 
	Parameter G_AXI_BRESP_WIDTH bound to: 2 - type: integer 
	Parameter G_AXI_BID_INDEX bound to: 2 - type: integer 
	Parameter G_AXI_BID_WIDTH bound to: 1 - type: integer 
	Parameter G_AXI_BUSER_INDEX bound to: 3 - type: integer 
	Parameter G_AXI_BUSER_WIDTH bound to: 0 - type: integer 
	Parameter G_AXI_BPAYLOAD_WIDTH bound to: 3 - type: integer 
	Parameter G_AXI_RDATA_INDEX bound to: 0 - type: integer 
	Parameter G_AXI_RDATA_WIDTH bound to: 32 - type: integer 
	Parameter G_AXI_RRESP_INDEX bound to: 32 - type: integer 
	Parameter G_AXI_RRESP_WIDTH bound to: 2 - type: integer 
	Parameter G_AXI_RLAST_INDEX bound to: 34 - type: integer 
	Parameter G_AXI_RLAST_WIDTH bound to: 1 - type: integer 
	Parameter G_AXI_RID_INDEX bound to: 35 - type: integer 
	Parameter G_AXI_RID_WIDTH bound to: 1 - type: integer 
	Parameter G_AXI_RUSER_INDEX bound to: 36 - type: integer 
	Parameter G_AXI_RUSER_WIDTH bound to: 0 - type: integer 
	Parameter G_AXI_RPAYLOAD_WIDTH bound to: 36 - type: integer 
INFO: [Synth 8-6157] synthesizing module 'axi_register_slice_v2_1_18_axic_register_slice' [/home/nachiket/ece327-s22/labs/jlmrocze-lab4/overlay/tutorial/tutorial.srcs/sources_1/bd/tutorial/ipshared/cc23/hdl/axi_register_slice_v2_1_vl_rfs.v:409]
	Parameter C_FAMILY bound to: zynq - type: string 
	Parameter C_DATA_WIDTH bound to: 63 - type: integer 
	Parameter C_REG_CONFIG bound to: 0 - type: integer 
INFO: [Synth 8-6155] done synthesizing module 'axi_register_slice_v2_1_18_axic_register_slice' (3#1) [/home/nachiket/ece327-s22/labs/jlmrocze-lab4/overlay/tutorial/tutorial.srcs/sources_1/bd/tutorial/ipshared/cc23/hdl/axi_register_slice_v2_1_vl_rfs.v:409]
INFO: [Synth 8-6157] synthesizing module 'axi_register_slice_v2_1_18_axic_register_slice__parameterized0' [/home/nachiket/ece327-s22/labs/jlmrocze-lab4/overlay/tutorial/tutorial.srcs/sources_1/bd/tutorial/ipshared/cc23/hdl/axi_register_slice_v2_1_vl_rfs.v:409]
	Parameter C_FAMILY bound to: zynq - type: string 
	Parameter C_DATA_WIDTH bound to: 37 - type: integer 
	Parameter C_REG_CONFIG bound to: 0 - type: integer 
INFO: [Synth 8-6155] done synthesizing module 'axi_register_slice_v2_1_18_axic_register_slice__parameterized0' (3#1) [/home/nachiket/ece327-s22/labs/jlmrocze-lab4/overlay/tutorial/tutorial.srcs/sources_1/bd/tutorial/ipshared/cc23/hdl/axi_register_slice_v2_1_vl_rfs.v:409]
INFO: [Synth 8-6157] synthesizing module 'axi_register_slice_v2_1_18_axic_register_slice__parameterized1' [/home/nachiket/ece327-s22/labs/jlmrocze-lab4/overlay/tutorial/tutorial.srcs/sources_1/bd/tutorial/ipshared/cc23/hdl/axi_register_slice_v2_1_vl_rfs.v:409]
	Parameter C_FAMILY bound to: zynq - type: string 
	Parameter C_DATA_WIDTH bound to: 3 - type: integer 
	Parameter C_REG_CONFIG bound to: 0 - type: integer 
INFO: [Synth 8-6155] done synthesizing module 'axi_register_slice_v2_1_18_axic_register_slice__parameterized1' (3#1) [/home/nachiket/ece327-s22/labs/jlmrocze-lab4/overlay/tutorial/tutorial.srcs/sources_1/bd/tutorial/ipshared/cc23/hdl/axi_register_slice_v2_1_vl_rfs.v:409]
INFO: [Synth 8-6157] synthesizing module 'axi_register_slice_v2_1_18_axic_register_slice__parameterized2' [/home/nachiket/ece327-s22/labs/jlmrocze-lab4/overlay/tutorial/tutorial.srcs/sources_1/bd/tutorial/ipshared/cc23/hdl/axi_register_slice_v2_1_vl_rfs.v:409]
	Parameter C_FAMILY bound to: zynq - type: string 
	Parameter C_DATA_WIDTH bound to: 63 - type: integer 
	Parameter C_REG_CONFIG bound to: 7 - type: integer 
INFO: [Synth 8-6155] done synthesizing module 'axi_register_slice_v2_1_18_axic_register_slice__parameterized2' (3#1) [/home/nachiket/ece327-s22/labs/jlmrocze-lab4/overlay/tutorial/tutorial.srcs/sources_1/bd/tutorial/ipshared/cc23/hdl/axi_register_slice_v2_1_vl_rfs.v:409]
INFO: [Synth 8-6157] synthesizing module 'axi_register_slice_v2_1_18_axic_register_slice__parameterized3' [/home/nachiket/ece327-s22/labs/jlmrocze-lab4/overlay/tutorial/tutorial.srcs/sources_1/bd/tutorial/ipshared/cc23/hdl/axi_register_slice_v2_1_vl_rfs.v:409]
	Parameter C_FAMILY bound to: zynq - type: string 
	Parameter C_DATA_WIDTH bound to: 36 - type: integer 
	Parameter C_REG_CONFIG bound to: 0 - type: integer 
INFO: [Synth 8-6155] done synthesizing module 'axi_register_slice_v2_1_18_axic_register_slice__parameterized3' (3#1) [/home/nachiket/ece327-s22/labs/jlmrocze-lab4/overlay/tutorial/tutorial.srcs/sources_1/bd/tutorial/ipshared/cc23/hdl/axi_register_slice_v2_1_vl_rfs.v:409]
INFO: [Synth 8-6157] synthesizing module 'axi_infrastructure_v1_1_0_axi2vector' [/home/nachiket/ece327-s22/labs/jlmrocze-lab4/overlay/tutorial/tutorial.srcs/sources_1/bd/tutorial/ipshared/ec67/hdl/axi_infrastructure_v1_1_vl_rfs.v:60]
	Parameter C_AXI_PROTOCOL bound to: 0 - type: integer 
	Parameter C_AXI_ID_WIDTH bound to: 1 - type: integer 
	Parameter C_AXI_ADDR_WIDTH bound to: 33 - type: integer 
	Parameter C_AXI_DATA_WIDTH bound to: 32 - type: integer 
	Parameter C_AXI_SUPPORTS_USER_SIGNALS bound to: 0 - type: integer 
	Parameter C_AXI_SUPPORTS_REGION_SIGNALS bound to: 1 - type: integer 
	Parameter C_AXI_AWUSER_WIDTH bound to: 1 - type: integer 
	Parameter C_AXI_WUSER_WIDTH bound to: 1 - type: integer 
	Parameter C_AXI_BUSER_WIDTH bound to: 1 - type: integer 
	Parameter C_AXI_ARUSER_WIDTH bound to: 1 - type: integer 
	Parameter C_AXI_RUSER_WIDTH bound to: 1 - type: integer 
	Parameter C_AWPAYLOAD_WIDTH bound to: 63 - type: integer 
	Parameter C_WPAYLOAD_WIDTH bound to: 37 - type: integer 
	Parameter C_BPAYLOAD_WIDTH bound to: 3 - type: integer 
	Parameter C_ARPAYLOAD_WIDTH bound to: 63 - type: integer 
	Parameter C_RPAYLOAD_WIDTH bound to: 36 - type: integer 
	Parameter G_AXI_AWADDR_INDEX bound to: 0 - type: integer 
	Parameter G_AXI_AWADDR_WIDTH bound to: 33 - type: integer 
	Parameter G_AXI_AWPROT_INDEX bound to: 33 - type: integer 
	Parameter G_AXI_AWPROT_WIDTH bound to: 3 - type: integer 
	Parameter G_AXI_AWSIZE_INDEX bound to: 36 - type: integer 
	Parameter G_AXI_AWSIZE_WIDTH bound to: 3 - type: integer 
	Parameter G_AXI_AWBURST_INDEX bound to: 39 - type: integer 
	Parameter G_AXI_AWBURST_WIDTH bound to: 2 - type: integer 
	Parameter G_AXI_AWCACHE_INDEX bound to: 41 - type: integer 
	Parameter G_AXI_AWCACHE_WIDTH bound to: 4 - type: integer 
	Parameter G_AXI_AWLEN_INDEX bound to: 45 - type: integer 
	Parameter G_AXI_AWLEN_WIDTH bound to: 8 - type: integer 
	Parameter G_AXI_AWLOCK_INDEX bound to: 53 - type: integer 
	Parameter G_AXI_AWLOCK_WIDTH bound to: 1 - type: integer 
	Parameter G_AXI_AWID_INDEX bound to: 54 - type: integer 
	Parameter G_AXI_AWID_WIDTH bound to: 1 - type: integer 
	Parameter G_AXI_AWQOS_INDEX bound to: 55 - type: integer 
	Parameter G_AXI_AWQOS_WIDTH bound to: 4 - type: integer 
	Parameter G_AXI_AWREGION_INDEX bound to: 59 - type: integer 
	Parameter G_AXI_AWREGION_WIDTH bound to: 4 - type: integer 
	Parameter G_AXI_AWUSER_INDEX bound to: 63 - type: integer 
	Parameter G_AXI_AWUSER_WIDTH bound to: 0 - type: integer 
	Parameter G_AXI_AWPAYLOAD_WIDTH bound to: 63 - type: integer 
	Parameter G_AXI_ARADDR_INDEX bound to: 0 - type: integer 
	Parameter G_AXI_ARADDR_WIDTH bound to: 33 - type: integer 
	Parameter G_AXI_ARPROT_INDEX bound to: 33 - type: integer 
	Parameter G_AXI_ARPROT_WIDTH bound to: 3 - type: integer 
	Parameter G_AXI_ARSIZE_INDEX bound to: 36 - type: integer 
	Parameter G_AXI_ARSIZE_WIDTH bound to: 3 - type: integer 
	Parameter G_AXI_ARBURST_INDEX bound to: 39 - type: integer 
	Parameter G_AXI_ARBURST_WIDTH bound to: 2 - type: integer 
	Parameter G_AXI_ARCACHE_INDEX bound to: 41 - type: integer 
	Parameter G_AXI_ARCACHE_WIDTH bound to: 4 - type: integer 
	Parameter G_AXI_ARLEN_INDEX bound to: 45 - type: integer 
	Parameter G_AXI_ARLEN_WIDTH bound to: 8 - type: integer 
	Parameter G_AXI_ARLOCK_INDEX bound to: 53 - type: integer 
	Parameter G_AXI_ARLOCK_WIDTH bound to: 1 - type: integer 
	Parameter G_AXI_ARID_INDEX bound to: 54 - type: integer 
	Parameter G_AXI_ARID_WIDTH bound to: 1 - type: integer 
	Parameter G_AXI_ARQOS_INDEX bound to: 55 - type: integer 
	Parameter G_AXI_ARQOS_WIDTH bound to: 4 - type: integer 
	Parameter G_AXI_ARREGION_INDEX bound to: 59 - type: integer 
	Parameter G_AXI_ARREGION_WIDTH bound to: 4 - type: integer 
	Parameter G_AXI_ARUSER_INDEX bound to: 63 - type: integer 
	Parameter G_AXI_ARUSER_WIDTH bound to: 0 - type: integer 
	Parameter G_AXI_ARPAYLOAD_WIDTH bound to: 63 - type: integer 
	Parameter G_AXI_WDATA_INDEX bound to: 0 - type: integer 
	Parameter G_AXI_WDATA_WIDTH bound to: 32 - type: integer 
	Parameter G_AXI_WSTRB_INDEX bound to: 32 - type: integer 
	Parameter G_AXI_WSTRB_WIDTH bound to: 4 - type: integer 
	Parameter G_AXI_WLAST_INDEX bound to: 36 - type: integer 
	Parameter G_AXI_WLAST_WIDTH bound to: 1 - type: integer 
	Parameter G_AXI_WID_INDEX bound to: 37 - type: integer 
	Parameter G_AXI_WID_WIDTH bound to: 0 - type: integer 
	Parameter G_AXI_WUSER_INDEX bound to: 37 - type: integer 
	Parameter G_AXI_WUSER_WIDTH bound to: 0 - type: integer 
	Parameter G_AXI_WPAYLOAD_WIDTH bound to: 37 - type: integer 
	Parameter G_AXI_BRESP_INDEX bound to: 0 - type: integer 
	Parameter G_AXI_BRESP_WIDTH bound to: 2 - type: integer 
	Parameter G_AXI_BID_INDEX bound to: 2 - type: integer 
	Parameter G_AXI_BID_WIDTH bound to: 1 - type: integer 
	Parameter G_AXI_BUSER_INDEX bound to: 3 - type: integer 
	Parameter G_AXI_BUSER_WIDTH bound to: 0 - type: integer 
	Parameter G_AXI_BPAYLOAD_WIDTH bound to: 3 - type: integer 
	Parameter G_AXI_RDATA_INDEX bound to: 0 - type: integer 
	Parameter G_AXI_RDATA_WIDTH bound to: 32 - type: integer 
	Parameter G_AXI_RRESP_INDEX bound to: 32 - type: integer 
	Parameter G_AXI_RRESP_WIDTH bound to: 2 - type: integer 
	Parameter G_AXI_RLAST_INDEX bound to: 34 - type: integer 
	Parameter G_AXI_RLAST_WIDTH bound to: 1 - type: integer 
	Parameter G_AXI_RID_INDEX bound to: 35 - type: integer 
	Parameter G_AXI_RID_WIDTH bound to: 1 - type: integer 
	Parameter G_AXI_RUSER_INDEX bound to: 36 - type: integer 
	Parameter G_AXI_RUSER_WIDTH bound to: 0 - type: integer 
	Parameter G_AXI_RPAYLOAD_WIDTH bound to: 36 - type: integer 
INFO: [Synth 8-6155] done synthesizing module 'axi_infrastructure_v1_1_0_axi2vector' (4#1) [/home/nachiket/ece327-s22/labs/jlmrocze-lab4/overlay/tutorial/tutorial.srcs/sources_1/bd/tutorial/ipshared/ec67/hdl/axi_infrastructure_v1_1_vl_rfs.v:60]
INFO: [Synth 8-6157] synthesizing module 'axi_infrastructure_v1_1_0_vector2axi' [/home/nachiket/ece327-s22/labs/jlmrocze-lab4/overlay/tutorial/tutorial.srcs/sources_1/bd/tutorial/ipshared/ec67/hdl/axi_infrastructure_v1_1_vl_rfs.v:474]
	Parameter C_AXI_PROTOCOL bound to: 0 - type: integer 
	Parameter C_AXI_ID_WIDTH bound to: 1 - type: integer 
	Parameter C_AXI_ADDR_WIDTH bound to: 33 - type: integer 
	Parameter C_AXI_DATA_WIDTH bound to: 32 - type: integer 
	Parameter C_AXI_SUPPORTS_USER_SIGNALS bound to: 0 - type: integer 
	Parameter C_AXI_SUPPORTS_REGION_SIGNALS bound to: 1 - type: integer 
	Parameter C_AXI_AWUSER_WIDTH bound to: 1 - type: integer 
	Parameter C_AXI_WUSER_WIDTH bound to: 1 - type: integer 
	Parameter C_AXI_BUSER_WIDTH bound to: 1 - type: integer 
	Parameter C_AXI_ARUSER_WIDTH bound to: 1 - type: integer 
	Parameter C_AXI_RUSER_WIDTH bound to: 1 - type: integer 
	Parameter C_AWPAYLOAD_WIDTH bound to: 63 - type: integer 
	Parameter C_WPAYLOAD_WIDTH bound to: 37 - type: integer 
	Parameter C_BPAYLOAD_WIDTH bound to: 3 - type: integer 
	Parameter C_ARPAYLOAD_WIDTH bound to: 63 - type: integer 
	Parameter C_RPAYLOAD_WIDTH bound to: 36 - type: integer 
	Parameter G_AXI_AWADDR_INDEX bound to: 0 - type: integer 
	Parameter G_AXI_AWADDR_WIDTH bound to: 33 - type: integer 
	Parameter G_AXI_AWPROT_INDEX bound to: 33 - type: integer 
	Parameter G_AXI_AWPROT_WIDTH bound to: 3 - type: integer 
	Parameter G_AXI_AWSIZE_INDEX bound to: 36 - type: integer 
	Parameter G_AXI_AWSIZE_WIDTH bound to: 3 - type: integer 
	Parameter G_AXI_AWBURST_INDEX bound to: 39 - type: integer 
	Parameter G_AXI_AWBURST_WIDTH bound to: 2 - type: integer 
	Parameter G_AXI_AWCACHE_INDEX bound to: 41 - type: integer 
	Parameter G_AXI_AWCACHE_WIDTH bound to: 4 - type: integer 
	Parameter G_AXI_AWLEN_INDEX bound to: 45 - type: integer 
	Parameter G_AXI_AWLEN_WIDTH bound to: 8 - type: integer 
	Parameter G_AXI_AWLOCK_INDEX bound to: 53 - type: integer 
	Parameter G_AXI_AWLOCK_WIDTH bound to: 1 - type: integer 
	Parameter G_AXI_AWID_INDEX bound to: 54 - type: integer 
	Parameter G_AXI_AWID_WIDTH bound to: 1 - type: integer 
	Parameter G_AXI_AWQOS_INDEX bound to: 55 - type: integer 
	Parameter G_AXI_AWQOS_WIDTH bound to: 4 - type: integer 
	Parameter G_AXI_AWREGION_INDEX bound to: 59 - type: integer 
	Parameter G_AXI_AWREGION_WIDTH bound to: 4 - type: integer 
	Parameter G_AXI_AWUSER_INDEX bound to: 63 - type: integer 
	Parameter G_AXI_AWUSER_WIDTH bound to: 0 - type: integer 
	Parameter G_AXI_AWPAYLOAD_WIDTH bound to: 63 - type: integer 
	Parameter G_AXI_ARADDR_INDEX bound to: 0 - type: integer 
	Parameter G_AXI_ARADDR_WIDTH bound to: 33 - type: integer 
	Parameter G_AXI_ARPROT_INDEX bound to: 33 - type: integer 
	Parameter G_AXI_ARPROT_WIDTH bound to: 3 - type: integer 
	Parameter G_AXI_ARSIZE_INDEX bound to: 36 - type: integer 
	Parameter G_AXI_ARSIZE_WIDTH bound to: 3 - type: integer 
	Parameter G_AXI_ARBURST_INDEX bound to: 39 - type: integer 
	Parameter G_AXI_ARBURST_WIDTH bound to: 2 - type: integer 
	Parameter G_AXI_ARCACHE_INDEX bound to: 41 - type: integer 
	Parameter G_AXI_ARCACHE_WIDTH bound to: 4 - type: integer 
	Parameter G_AXI_ARLEN_INDEX bound to: 45 - type: integer 
	Parameter G_AXI_ARLEN_WIDTH bound to: 8 - type: integer 
	Parameter G_AXI_ARLOCK_INDEX bound to: 53 - type: integer 
	Parameter G_AXI_ARLOCK_WIDTH bound to: 1 - type: integer 
	Parameter G_AXI_ARID_INDEX bound to: 54 - type: integer 
	Parameter G_AXI_ARID_WIDTH bound to: 1 - type: integer 
	Parameter G_AXI_ARQOS_INDEX bound to: 55 - type: integer 
	Parameter G_AXI_ARQOS_WIDTH bound to: 4 - type: integer 
	Parameter G_AXI_ARREGION_INDEX bound to: 59 - type: integer 
	Parameter G_AXI_ARREGION_WIDTH bound to: 4 - type: integer 
	Parameter G_AXI_ARUSER_INDEX bound to: 63 - type: integer 
	Parameter G_AXI_ARUSER_WIDTH bound to: 0 - type: integer 
	Parameter G_AXI_ARPAYLOAD_WIDTH bound to: 63 - type: integer 
	Parameter G_AXI_WDATA_INDEX bound to: 0 - type: integer 
	Parameter G_AXI_WDATA_WIDTH bound to: 32 - type: integer 
	Parameter G_AXI_WSTRB_INDEX bound to: 32 - type: integer 
	Parameter G_AXI_WSTRB_WIDTH bound to: 4 - type: integer 
	Parameter G_AXI_WLAST_INDEX bound to: 36 - type: integer 
	Parameter G_AXI_WLAST_WIDTH bound to: 1 - type: integer 
	Parameter G_AXI_WID_INDEX bound to: 37 - type: integer 
	Parameter G_AXI_WID_WIDTH bound to: 0 - type: integer 
	Parameter G_AXI_WUSER_INDEX bound to: 37 - type: integer 
	Parameter G_AXI_WUSER_WIDTH bound to: 0 - type: integer 
	Parameter G_AXI_WPAYLOAD_WIDTH bound to: 37 - type: integer 
	Parameter G_AXI_BRESP_INDEX bound to: 0 - type: integer 
	Parameter G_AXI_BRESP_WIDTH bound to: 2 - type: integer 
	Parameter G_AXI_BID_INDEX bound to: 2 - type: integer 
	Parameter G_AXI_BID_WIDTH bound to: 1 - type: integer 
	Parameter G_AXI_BUSER_INDEX bound to: 3 - type: integer 
	Parameter G_AXI_BUSER_WIDTH bound to: 0 - type: integer 
	Parameter G_AXI_BPAYLOAD_WIDTH bound to: 3 - type: integer 
	Parameter G_AXI_RDATA_INDEX bound to: 0 - type: integer 
	Parameter G_AXI_RDATA_WIDTH bound to: 32 - type: integer 
	Parameter G_AXI_RRESP_INDEX bound to: 32 - type: integer 
	Parameter G_AXI_RRESP_WIDTH bound to: 2 - type: integer 
	Parameter G_AXI_RLAST_INDEX bound to: 34 - type: integer 
	Parameter G_AXI_RLAST_WIDTH bound to: 1 - type: integer 
	Parameter G_AXI_RID_INDEX bound to: 35 - type: integer 
	Parameter G_AXI_RID_WIDTH bound to: 1 - type: integer 
	Parameter G_AXI_RUSER_INDEX bound to: 36 - type: integer 
	Parameter G_AXI_RUSER_WIDTH bound to: 0 - type: integer 
	Parameter G_AXI_RPAYLOAD_WIDTH bound to: 36 - type: integer 
INFO: [Synth 8-6155] done synthesizing module 'axi_infrastructure_v1_1_0_vector2axi' (5#1) [/home/nachiket/ece327-s22/labs/jlmrocze-lab4/overlay/tutorial/tutorial.srcs/sources_1/bd/tutorial/ipshared/ec67/hdl/axi_infrastructure_v1_1_vl_rfs.v:474]
INFO: [Synth 8-6155] done synthesizing module 'axi_register_slice_v2_1_18_axi_register_slice' (6#1) [/home/nachiket/ece327-s22/labs/jlmrocze-lab4/overlay/tutorial/tutorial.srcs/sources_1/bd/tutorial/ipshared/cc23/hdl/axi_register_slice_v2_1_vl_rfs.v:2637]
WARNING: [Synth 8-350] instance 'register_slice_inst' of module 'axi_register_slice_v2_1_18_axi_register_slice' requires 93 connections, but only 92 given [/home/nachiket/ece327-s22/labs/jlmrocze-lab4/overlay/tutorial/tutorial.srcs/sources_1/bd/tutorial/ipshared/e3c9/hdl/axi_mmu_v2_1_vl_rfs.v:1172]
INFO: [Synth 8-6155] done synthesizing module 'axi_mmu_v2_1_16_top' (7#1) [/home/nachiket/ece327-s22/labs/jlmrocze-lab4/overlay/tutorial/tutorial.srcs/sources_1/bd/tutorial/ipshared/e3c9/hdl/axi_mmu_v2_1_vl_rfs.v:557]
INFO: [Synth 8-6155] done synthesizing module 'tutorial_s00_mmu_0' (8#1) [/home/nachiket/ece327-s22/labs/jlmrocze-lab4/overlay/tutorial/tutorial.srcs/sources_1/bd/tutorial/ip/tutorial_s00_mmu_0/synth/tutorial_s00_mmu_0.v:58]
WARNING: [Synth 8-3331] design axi_infrastructure_v1_1_0_vector2axi has unconnected port m_axi_buser[0]
WARNING: [Synth 8-3331] design axi_infrastructure_v1_1_0_vector2axi has unconnected port m_axi_ruser[0]
WARNING: [Synth 8-3331] design axi_infrastructure_v1_1_0_axi2vector has unconnected port s_axi_awuser[0]
WARNING: [Synth 8-3331] design axi_infrastructure_v1_1_0_axi2vector has unconnected port s_axi_wid[0]
WARNING: [Synth 8-3331] design axi_infrastructure_v1_1_0_axi2vector has unconnected port s_axi_wuser[0]
WARNING: [Synth 8-3331] design axi_infrastructure_v1_1_0_axi2vector has unconnected port s_axi_aruser[0]
WARNING: [Synth 8-3331] design axi_register_slice_v2_1_18_axic_register_slice__parameterized3 has unconnected port ACLK
WARNING: [Synth 8-3331] design axi_register_slice_v2_1_18_axic_register_slice__parameterized3 has unconnected port ARESET
WARNING: [Synth 8-3331] design axi_register_slice_v2_1_18_axic_register_slice__parameterized1 has unconnected port ACLK
WARNING: [Synth 8-3331] design axi_register_slice_v2_1_18_axic_register_slice__parameterized1 has unconnected port ARESET
WARNING: [Synth 8-3331] design axi_register_slice_v2_1_18_axic_register_slice__parameterized0 has unconnected port ACLK
WARNING: [Synth 8-3331] design axi_register_slice_v2_1_18_axic_register_slice__parameterized0 has unconnected port ARESET
WARNING: [Synth 8-3331] design axi_register_slice_v2_1_18_axic_register_slice has unconnected port ACLK
WARNING: [Synth 8-3331] design axi_register_slice_v2_1_18_axic_register_slice has unconnected port ARESET
WARNING: [Synth 8-3331] design axi_register_slice_v2_1_18_axi_register_slice has unconnected port aclk2x
WARNING: [Synth 8-3331] design axi_mmu_v2_1_16_decerr_slave has unconnected port s_axi_awid[0]
WARNING: [Synth 8-3331] design axi_mmu_v2_1_16_decerr_slave has unconnected port s_axi_awvalid
WARNING: [Synth 8-3331] design axi_mmu_v2_1_16_decerr_slave has unconnected port s_axi_wlast
WARNING: [Synth 8-3331] design axi_mmu_v2_1_16_decerr_slave has unconnected port s_axi_wvalid
WARNING: [Synth 8-3331] design axi_mmu_v2_1_16_decerr_slave has unconnected port s_axi_bready
WARNING: [Synth 8-3331] design axi_mmu_v2_1_16_addr_decoder has unconnected port addr[23]
WARNING: [Synth 8-3331] design axi_mmu_v2_1_16_addr_decoder has unconnected port addr[22]
WARNING: [Synth 8-3331] design axi_mmu_v2_1_16_addr_decoder has unconnected port addr[21]
WARNING: [Synth 8-3331] design axi_mmu_v2_1_16_addr_decoder has unconnected port addr[20]
WARNING: [Synth 8-3331] design axi_mmu_v2_1_16_addr_decoder has unconnected port addr[19]
WARNING: [Synth 8-3331] design axi_mmu_v2_1_16_addr_decoder has unconnected port addr[18]
WARNING: [Synth 8-3331] design axi_mmu_v2_1_16_addr_decoder has unconnected port addr[17]
WARNING: [Synth 8-3331] design axi_mmu_v2_1_16_addr_decoder has unconnected port addr[16]
WARNING: [Synth 8-3331] design axi_mmu_v2_1_16_addr_decoder has unconnected port addr[15]
WARNING: [Synth 8-3331] design axi_mmu_v2_1_16_addr_decoder has unconnected port addr[14]
WARNING: [Synth 8-3331] design axi_mmu_v2_1_16_addr_decoder has unconnected port addr[13]
WARNING: [Synth 8-3331] design axi_mmu_v2_1_16_addr_decoder has unconnected port addr[12]
WARNING: [Synth 8-3331] design axi_mmu_v2_1_16_addr_decoder has unconnected port addr[11]
WARNING: [Synth 8-3331] design axi_mmu_v2_1_16_addr_decoder has unconnected port addr[10]
WARNING: [Synth 8-3331] design axi_mmu_v2_1_16_addr_decoder has unconnected port addr[9]
WARNING: [Synth 8-3331] design axi_mmu_v2_1_16_addr_decoder has unconnected port addr[8]
WARNING: [Synth 8-3331] design axi_mmu_v2_1_16_addr_decoder has unconnected port addr[7]
WARNING: [Synth 8-3331] design axi_mmu_v2_1_16_addr_decoder has unconnected port addr[6]
WARNING: [Synth 8-3331] design axi_mmu_v2_1_16_addr_decoder has unconnected port addr[5]
WARNING: [Synth 8-3331] design axi_mmu_v2_1_16_addr_decoder has unconnected port addr[4]
WARNING: [Synth 8-3331] design axi_mmu_v2_1_16_addr_decoder has unconnected port addr[3]
WARNING: [Synth 8-3331] design axi_mmu_v2_1_16_addr_decoder has unconnected port addr[2]
WARNING: [Synth 8-3331] design axi_mmu_v2_1_16_addr_decoder has unconnected port addr[1]
WARNING: [Synth 8-3331] design axi_mmu_v2_1_16_addr_decoder has unconnected port addr[0]
WARNING: [Synth 8-3331] design axi_mmu_v2_1_16_top has unconnected port s_axi_awid[0]
WARNING: [Synth 8-3331] design axi_mmu_v2_1_16_top has unconnected port s_axi_awaddr[31]
WARNING: [Synth 8-3331] design axi_mmu_v2_1_16_top has unconnected port s_axi_awaddr[30]
WARNING: [Synth 8-3331] design axi_mmu_v2_1_16_top has unconnected port s_axi_awaddr[29]
WARNING: [Synth 8-3331] design axi_mmu_v2_1_16_top has unconnected port s_axi_awaddr[28]
WARNING: [Synth 8-3331] design axi_mmu_v2_1_16_top has unconnected port s_axi_awaddr[27]
WARNING: [Synth 8-3331] design axi_mmu_v2_1_16_top has unconnected port s_axi_awaddr[26]
WARNING: [Synth 8-3331] design axi_mmu_v2_1_16_top has unconnected port s_axi_awaddr[25]
WARNING: [Synth 8-3331] design axi_mmu_v2_1_16_top has unconnected port s_axi_awaddr[24]
WARNING: [Synth 8-3331] design axi_mmu_v2_1_16_top has unconnected port s_axi_awaddr[23]
WARNING: [Synth 8-3331] design axi_mmu_v2_1_16_top has unconnected port s_axi_awaddr[22]
WARNING: [Synth 8-3331] design axi_mmu_v2_1_16_top has unconnected port s_axi_awaddr[21]
WARNING: [Synth 8-3331] design axi_mmu_v2_1_16_top has unconnected port s_axi_awaddr[20]
WARNING: [Synth 8-3331] design axi_mmu_v2_1_16_top has unconnected port s_axi_awaddr[19]
WARNING: [Synth 8-3331] design axi_mmu_v2_1_16_top has unconnected port s_axi_awaddr[18]
WARNING: [Synth 8-3331] design axi_mmu_v2_1_16_top has unconnected port s_axi_awaddr[17]
WARNING: [Synth 8-3331] design axi_mmu_v2_1_16_top has unconnected port s_axi_awaddr[16]
WARNING: [Synth 8-3331] design axi_mmu_v2_1_16_top has unconnected port s_axi_awaddr[15]
WARNING: [Synth 8-3331] design axi_mmu_v2_1_16_top has unconnected port s_axi_awaddr[14]
WARNING: [Synth 8-3331] design axi_mmu_v2_1_16_top has unconnected port s_axi_awaddr[13]
WARNING: [Synth 8-3331] design axi_mmu_v2_1_16_top has unconnected port s_axi_awaddr[12]
WARNING: [Synth 8-3331] design axi_mmu_v2_1_16_top has unconnected port s_axi_awaddr[11]
WARNING: [Synth 8-3331] design axi_mmu_v2_1_16_top has unconnected port s_axi_awaddr[10]
WARNING: [Synth 8-3331] design axi_mmu_v2_1_16_top has unconnected port s_axi_awaddr[9]
WARNING: [Synth 8-3331] design axi_mmu_v2_1_16_top has unconnected port s_axi_awaddr[8]
WARNING: [Synth 8-3331] design axi_mmu_v2_1_16_top has unconnected port s_axi_awaddr[7]
WARNING: [Synth 8-3331] design axi_mmu_v2_1_16_top has unconnected port s_axi_awaddr[6]
WARNING: [Synth 8-3331] design axi_mmu_v2_1_16_top has unconnected port s_axi_awaddr[5]
WARNING: [Synth 8-3331] design axi_mmu_v2_1_16_top has unconnected port s_axi_awaddr[4]
WARNING: [Synth 8-3331] design axi_mmu_v2_1_16_top has unconnected port s_axi_awaddr[3]
WARNING: [Synth 8-3331] design axi_mmu_v2_1_16_top has unconnected port s_axi_awaddr[2]
WARNING: [Synth 8-3331] design axi_mmu_v2_1_16_top has unconnected port s_axi_awaddr[1]
WARNING: [Synth 8-3331] design axi_mmu_v2_1_16_top has unconnected port s_axi_awaddr[0]
WARNING: [Synth 8-3331] design axi_mmu_v2_1_16_top has unconnected port s_axi_awlen[7]
WARNING: [Synth 8-3331] design axi_mmu_v2_1_16_top has unconnected port s_axi_awlen[6]
WARNING: [Synth 8-3331] design axi_mmu_v2_1_16_top has unconnected port s_axi_awlen[5]
WARNING: [Synth 8-3331] design axi_mmu_v2_1_16_top has unconnected port s_axi_awlen[4]
WARNING: [Synth 8-3331] design axi_mmu_v2_1_16_top has unconnected port s_axi_awlen[3]
WARNING: [Synth 8-3331] design axi_mmu_v2_1_16_top has unconnected port s_axi_awlen[2]
WARNING: [Synth 8-3331] design axi_mmu_v2_1_16_top has unconnected port s_axi_awlen[1]
WARNING: [Synth 8-3331] design axi_mmu_v2_1_16_top has unconnected port s_axi_awlen[0]
WARNING: [Synth 8-3331] design axi_mmu_v2_1_16_top has unconnected port s_axi_awsize[2]
WARNING: [Synth 8-3331] design axi_mmu_v2_1_16_top has unconnected port s_axi_awsize[1]
WARNING: [Synth 8-3331] design axi_mmu_v2_1_16_top has unconnected port s_axi_awsize[0]
WARNING: [Synth 8-3331] design axi_mmu_v2_1_16_top has unconnected port s_axi_awburst[1]
WARNING: [Synth 8-3331] design axi_mmu_v2_1_16_top has unconnected port s_axi_awburst[0]
WARNING: [Synth 8-3331] design axi_mmu_v2_1_16_top has unconnected port s_axi_awlock[0]
WARNING: [Synth 8-3331] design axi_mmu_v2_1_16_top has unconnected port s_axi_awcache[3]
WARNING: [Synth 8-3331] design axi_mmu_v2_1_16_top has unconnected port s_axi_awcache[2]
WARNING: [Synth 8-3331] design axi_mmu_v2_1_16_top has unconnected port s_axi_awcache[1]
WARNING: [Synth 8-3331] design axi_mmu_v2_1_16_top has unconnected port s_axi_awcache[0]
WARNING: [Synth 8-3331] design axi_mmu_v2_1_16_top has unconnected port s_axi_awprot[2]
WARNING: [Synth 8-3331] design axi_mmu_v2_1_16_top has unconnected port s_axi_awprot[1]
WARNING: [Synth 8-3331] design axi_mmu_v2_1_16_top has unconnected port s_axi_awprot[0]
WARNING: [Synth 8-3331] design axi_mmu_v2_1_16_top has unconnected port s_axi_awqos[3]
WARNING: [Synth 8-3331] design axi_mmu_v2_1_16_top has unconnected port s_axi_awqos[2]
INFO: [Common 17-14] Message 'Synth 8-3331' appears 100 times and further instances of the messages will be disabled. Use the Tcl command set_msg_config to change the current settings.
---------------------------------------------------------------------------------
Finished RTL Elaboration : Time (s): cpu = 00:00:05 ; elapsed = 00:00:06 . Memory (MB): peak = 1429.109 ; gain = 83.672 ; free physical = 834 ; free virtual = 5003
---------------------------------------------------------------------------------

Report Check Netlist: 
+------+------------------+-------+---------+-------+------------------+
|      |Item              |Errors |Warnings |Status |Description       |
+------+------------------+-------+---------+-------+------------------+
|1     |multi_driven_nets |      0|        0|Passed |Multi driven nets |
+------+------------------+-------+---------+-------+------------------+
---------------------------------------------------------------------------------
Start Handling Custom Attributes
---------------------------------------------------------------------------------
---------------------------------------------------------------------------------
Finished Handling Custom Attributes : Time (s): cpu = 00:00:05 ; elapsed = 00:00:07 . Memory (MB): peak = 1429.109 ; gain = 83.672 ; free physical = 823 ; free virtual = 4993
---------------------------------------------------------------------------------
---------------------------------------------------------------------------------
Finished RTL Optimization Phase 1 : Time (s): cpu = 00:00:05 ; elapsed = 00:00:07 . Memory (MB): peak = 1429.109 ; gain = 83.672 ; free physical = 823 ; free virtual = 4993
---------------------------------------------------------------------------------
INFO: [Device 21-403] Loading part xc7z020clg400-1
INFO: [Project 1-570] Preparing netlist for logic optimization

Processing XDC Constraints
Initializing timing engine
Parsing XDC File [/home/nachiket/ece327-s22/labs/jlmrocze-lab4/overlay/tutorial/tutorial.srcs/sources_1/bd/tutorial/ip/tutorial_s00_mmu_0/tutorial_s00_mmu_0_ooc.xdc] for cell 'inst'
Finished Parsing XDC File [/home/nachiket/ece327-s22/labs/jlmrocze-lab4/overlay/tutorial/tutorial.srcs/sources_1/bd/tutorial/ip/tutorial_s00_mmu_0/tutorial_s00_mmu_0_ooc.xdc] for cell 'inst'
Parsing XDC File [/home/nachiket/ece327-s22/labs/jlmrocze-lab4/overlay/tutorial/tutorial.runs/tutorial_s00_mmu_0_synth_1/dont_touch.xdc]
Finished Parsing XDC File [/home/nachiket/ece327-s22/labs/jlmrocze-lab4/overlay/tutorial/tutorial.runs/tutorial_s00_mmu_0_synth_1/dont_touch.xdc]
Completed Processing XDC Constraints

Netlist sorting complete. Time (s): cpu = 00:00:00 ; elapsed = 00:00:00 . Memory (MB): peak = 1773.117 ; gain = 0.000 ; free physical = 394 ; free virtual = 4544
INFO: [Project 1-111] Unisim Transformation Summary:
No Unisim elements were transformed.

Netlist sorting complete. Time (s): cpu = 00:00:00 ; elapsed = 00:00:00 . Memory (MB): peak = 1773.117 ; gain = 0.000 ; free physical = 394 ; free virtual = 4544
Constraint Validation Runtime : Time (s): cpu = 00:00:00.05 ; elapsed = 00:00:00.05 . Memory (MB): peak = 1773.117 ; gain = 0.000 ; free physical = 393 ; free virtual = 4544
---------------------------------------------------------------------------------
Finished Constraint Validation : Time (s): cpu = 00:00:18 ; elapsed = 00:00:22 . Memory (MB): peak = 1773.117 ; gain = 427.680 ; free physical = 429 ; free virtual = 4581
---------------------------------------------------------------------------------
---------------------------------------------------------------------------------
Start Loading Part and Timing Information
---------------------------------------------------------------------------------
Loading part: xc7z020clg400-1
---------------------------------------------------------------------------------
Finished Loading Part and Timing Information : Time (s): cpu = 00:00:18 ; elapsed = 00:00:22 . Memory (MB): peak = 1773.117 ; gain = 427.680 ; free physical = 428 ; free virtual = 4581
---------------------------------------------------------------------------------
---------------------------------------------------------------------------------
Start Applying 'set_property' XDC Constraints
---------------------------------------------------------------------------------
Applied set_property DONT_TOUCH = true for inst. (constraint file  /home/nachiket/ece327-s22/labs/jlmrocze-lab4/overlay/tutorial/tutorial.runs/tutorial_s00_mmu_0_synth_1/dont_touch.xdc, line 9).
---------------------------------------------------------------------------------
Finished applying 'set_property' XDC Constraints : Time (s): cpu = 00:00:18 ; elapsed = 00:00:22 . Memory (MB): peak = 1773.117 ; gain = 427.680 ; free physical = 429 ; free virtual = 4582
---------------------------------------------------------------------------------
INFO: [Synth 8-4471] merging register 'gen_axi.gen_read.s_axi_rvalid_i_reg' into 'gen_axi.gen_read.read_cs_reg[0:0]' [/home/nachiket/ece327-s22/labs/jlmrocze-lab4/overlay/tutorial/tutorial.srcs/sources_1/bd/tutorial/ipshared/e3c9/hdl/axi_mmu_v2_1_vl_rfs.v:415]
INFO: [Synth 8-5546] ROM "gen_axi.gen_read.read_cs" won't be mapped to RAM because it is too sparse
INFO: [Synth 8-5546] ROM "gen_axi.gen_read.s_axi_rlast_i" won't be mapped to RAM because it is too sparse
INFO: [Synth 8-5546] ROM "gen_axi.gen_read.s_axi_rlast_i" won't be mapped to RAM because it is too sparse
INFO: [Synth 8-5818] HDL ADVISOR - The operator resource <adder> is shared. To prevent sharing consider applying a KEEP on the output of the operator [/home/nachiket/ece327-s22/labs/jlmrocze-lab4/overlay/tutorial/tutorial.srcs/sources_1/bd/tutorial/ipshared/e3c9/hdl/axi_mmu_v2_1_vl_rfs.v:1060]
INFO: [Synth 8-802] inferred FSM for state register 'gen_read.r_state_reg' in module 'axi_mmu_v2_1_16_top'
INFO: [Synth 8-5546] ROM "r_state" won't be mapped to RAM because it is too sparse
---------------------------------------------------------------------------------------------------
                   State |                     New Encoding |                Previous Encoding 
---------------------------------------------------------------------------------------------------
                  iSTATE |                               00 |                              000
*
               R_PENDING |                               01 |                              001
                R_DECERR |                               10 |                              011
---------------------------------------------------------------------------------------------------
INFO: [Synth 8-3354] encoded FSM with state register 'gen_read.r_state_reg' using encoding 'sequential' in module 'axi_mmu_v2_1_16_top'
---------------------------------------------------------------------------------
Finished RTL Optimization Phase 2 : Time (s): cpu = 00:00:19 ; elapsed = 00:00:23 . Memory (MB): peak = 1773.117 ; gain = 427.680 ; free physical = 399 ; free virtual = 4552
---------------------------------------------------------------------------------

Report RTL Partitions: 
+-+--------------+------------+----------+
| |RTL Partition |Replication |Instances |
+-+--------------+------------+----------+
+-+--------------+------------+----------+
---------------------------------------------------------------------------------
Start RTL Component Statistics 
---------------------------------------------------------------------------------
Detailed RTL Component Info : 
+---Adders : 
	   2 Input      8 Bit       Adders := 1     
	   2 Input      6 Bit       Adders := 1     
+---XORs : 
	   2 Input      1 Bit         XORs := 6     
+---Registers : 
	               63 Bit    Registers := 1     
	                8 Bit    Registers := 1     
	                6 Bit    Registers := 1     
	                2 Bit    Registers := 2     
	                1 Bit    Registers := 6     
+---Muxes : 
	   2 Input     32 Bit        Muxes := 1     
	   2 Input      8 Bit        Muxes := 1     
	   2 Input      2 Bit        Muxes := 3     
	   3 Input      2 Bit        Muxes := 1     
	   2 Input      1 Bit        Muxes := 22    
	   3 Input      1 Bit        Muxes := 3     
---------------------------------------------------------------------------------
Finished RTL Component Statistics 
---------------------------------------------------------------------------------
---------------------------------------------------------------------------------
Start RTL Hierarchical Component Statistics 
---------------------------------------------------------------------------------
Hierarchical RTL Component report 
Module axi_mmu_v2_1_16_addr_decoder 
Detailed RTL Component Info : 
+---XORs : 
	   2 Input      1 Bit         XORs := 6     
Module axi_mmu_v2_1_16_decerr_slave 
Detailed RTL Component Info : 
+---Adders : 
	   2 Input      8 Bit       Adders := 1     
+---Registers : 
	                8 Bit    Registers := 1     
	                1 Bit    Registers := 4     
+---Muxes : 
	   2 Input      8 Bit        Muxes := 1     
	   2 Input      1 Bit        Muxes := 11    
	   3 Input      1 Bit        Muxes := 1     
Module axi_register_slice_v2_1_18_axic_register_slice__parameterized2 
Detailed RTL Component Info : 
+---Registers : 
	               63 Bit    Registers := 1     
	                2 Bit    Registers := 1     
	                1 Bit    Registers := 2     
+---Muxes : 
	   2 Input      1 Bit        Muxes := 2     
Module axi_mmu_v2_1_16_top 
Detailed RTL Component Info : 
+---Adders : 
	   2 Input      6 Bit       Adders := 1     
+---Registers : 
	                6 Bit    Registers := 1     
	                2 Bit    Registers := 1     
+---Muxes : 
	   2 Input     32 Bit        Muxes := 1     
	   2 Input      2 Bit        Muxes := 3     
	   3 Input      2 Bit        Muxes := 1     
	   2 Input      1 Bit        Muxes := 9     
	   3 Input      1 Bit        Muxes := 2     
---------------------------------------------------------------------------------
Finished RTL Hierarchical Component Statistics
---------------------------------------------------------------------------------
---------------------------------------------------------------------------------
Start Part Resource Summary
---------------------------------------------------------------------------------
Part Resources:
DSPs: 220 (col length:60)
BRAMs: 280 (col length: RAMB18 60 RAMB36 30)
---------------------------------------------------------------------------------
Finished Part Resource Summary
---------------------------------------------------------------------------------
---------------------------------------------------------------------------------
Start Cross Boundary and Area Optimization
---------------------------------------------------------------------------------
Warning: Parallel synthesis criteria is not met 
INFO: [Synth 8-3936] Found unconnected internal register 'register_slice_inst/ar.ar_pipe/m_payload_i_reg' and it is trimmed from '63' to '59' bits. [/home/nachiket/ece327-s22/labs/jlmrocze-lab4/overlay/tutorial/tutorial.srcs/sources_1/bd/tutorial/ipshared/cc23/hdl/axi_register_slice_v2_1_vl_rfs.v:1008]
INFO: [Synth 8-5546] ROM "decerr_slave_inst/gen_axi.gen_read.s_axi_rlast_i" won't be mapped to RAM because it is too sparse
INFO: [Synth 8-5546] ROM "decerr_slave_inst/gen_axi.gen_read.read_cs" won't be mapped to RAM because it is too sparse
INFO: [Synth 8-3886] merging instance 'inst/aresetn_d_reg[0]' (FDR) to 'inst/register_slice_inst/ar.ar_pipe/aresetn_d_reg[0]'
INFO: [Synth 8-3886] merging instance 'inst/aresetn_d_reg[1]' (FDR) to 'inst/register_slice_inst/ar.ar_pipe/aresetn_d_reg[1]'
---------------------------------------------------------------------------------
Finished Cross Boundary and Area Optimization : Time (s): cpu = 00:00:20 ; elapsed = 00:00:25 . Memory (MB): peak = 1773.117 ; gain = 427.680 ; free physical = 422 ; free virtual = 4576
---------------------------------------------------------------------------------

Report RTL Partitions: 
+-+--------------+------------+----------+
| |RTL Partition |Replication |Instances |
+-+--------------+------------+----------+
+-+--------------+------------+----------+
---------------------------------------------------------------------------------
Start Applying XDC Timing Constraints
---------------------------------------------------------------------------------
---------------------------------------------------------------------------------
Finished Applying XDC Timing Constraints : Time (s): cpu = 00:00:31 ; elapsed = 00:00:36 . Memory (MB): peak = 1773.117 ; gain = 427.680 ; free physical = 1732 ; free virtual = 5885
---------------------------------------------------------------------------------
---------------------------------------------------------------------------------
Start Timing Optimization
---------------------------------------------------------------------------------
---------------------------------------------------------------------------------
Finished Timing Optimization : Time (s): cpu = 00:00:31 ; elapsed = 00:00:37 . Memory (MB): peak = 1773.117 ; gain = 427.680 ; free physical = 1708 ; free virtual = 5861
---------------------------------------------------------------------------------

Report RTL Partitions: 
+-+--------------+------------+----------+
| |RTL Partition |Replication |Instances |
+-+--------------+------------+----------+
+-+--------------+------------+----------+
---------------------------------------------------------------------------------
Start Technology Mapping
---------------------------------------------------------------------------------
---------------------------------------------------------------------------------
Finished Technology Mapping : Time (s): cpu = 00:00:31 ; elapsed = 00:00:37 . Memory (MB): peak = 1773.117 ; gain = 427.680 ; free physical = 1698 ; free virtual = 5851
---------------------------------------------------------------------------------

Report RTL Partitions: 
+-+--------------+------------+----------+
| |RTL Partition |Replication |Instances |
+-+--------------+------------+----------+
+-+--------------+------------+----------+
---------------------------------------------------------------------------------
Start IO Insertion
---------------------------------------------------------------------------------
---------------------------------------------------------------------------------
Start Flattening Before IO Insertion
---------------------------------------------------------------------------------
---------------------------------------------------------------------------------
Finished Flattening Before IO Insertion
---------------------------------------------------------------------------------
---------------------------------------------------------------------------------
Start Final Netlist Cleanup
---------------------------------------------------------------------------------
---------------------------------------------------------------------------------
Finished Final Netlist Cleanup
---------------------------------------------------------------------------------
---------------------------------------------------------------------------------
Finished IO Insertion : Time (s): cpu = 00:00:33 ; elapsed = 00:00:38 . Memory (MB): peak = 1773.117 ; gain = 427.680 ; free physical = 1563 ; free virtual = 5716
---------------------------------------------------------------------------------

Report Check Netlist: 
+------+------------------+-------+---------+-------+------------------+
|      |Item              |Errors |Warnings |Status |Description       |
+------+------------------+-------+---------+-------+------------------+
|1     |multi_driven_nets |      0|        0|Passed |Multi driven nets |
+------+------------------+-------+---------+-------+------------------+
---------------------------------------------------------------------------------
Start Renaming Generated Instances
---------------------------------------------------------------------------------
---------------------------------------------------------------------------------
Finished Renaming Generated Instances : Time (s): cpu = 00:00:33 ; elapsed = 00:00:38 . Memory (MB): peak = 1773.117 ; gain = 427.680 ; free physical = 1563 ; free virtual = 5716
---------------------------------------------------------------------------------

Report RTL Partitions: 
+-+--------------+------------+----------+
| |RTL Partition |Replication |Instances |
+-+--------------+------------+----------+
+-+--------------+------------+----------+
---------------------------------------------------------------------------------
Start Rebuilding User Hierarchy
---------------------------------------------------------------------------------
---------------------------------------------------------------------------------
Finished Rebuilding User Hierarchy : Time (s): cpu = 00:00:33 ; elapsed = 00:00:38 . Memory (MB): peak = 1773.117 ; gain = 427.680 ; free physical = 1563 ; free virtual = 5716
---------------------------------------------------------------------------------
---------------------------------------------------------------------------------
Start Renaming Generated Ports
---------------------------------------------------------------------------------
---------------------------------------------------------------------------------
Finished Renaming Generated Ports : Time (s): cpu = 00:00:33 ; elapsed = 00:00:38 . Memory (MB): peak = 1773.117 ; gain = 427.680 ; free physical = 1563 ; free virtual = 5716
---------------------------------------------------------------------------------
---------------------------------------------------------------------------------
Start Handling Custom Attributes
---------------------------------------------------------------------------------
---------------------------------------------------------------------------------
Finished Handling Custom Attributes : Time (s): cpu = 00:00:33 ; elapsed = 00:00:38 . Memory (MB): peak = 1773.117 ; gain = 427.680 ; free physical = 1563 ; free virtual = 5715
---------------------------------------------------------------------------------
---------------------------------------------------------------------------------
Start Renaming Generated Nets
---------------------------------------------------------------------------------
---------------------------------------------------------------------------------
Finished Renaming Generated Nets : Time (s): cpu = 00:00:33 ; elapsed = 00:00:38 . Memory (MB): peak = 1773.117 ; gain = 427.680 ; free physical = 1563 ; free virtual = 5715
---------------------------------------------------------------------------------
---------------------------------------------------------------------------------
Start Writing Synthesis Report
---------------------------------------------------------------------------------

Report BlackBoxes: 
+-+--------------+----------+
| |BlackBox name |Instances |
+-+--------------+----------+
+-+--------------+----------+

Report Cell Usage: 
+------+-----+------+
|      |Cell |Count |
+------+-----+------+
|1     |LUT1 |     3|
|2     |LUT2 |     9|
|3     |LUT3 |    42|
|4     |LUT4 |    16|
|5     |LUT5 |     9|
|6     |LUT6 |    21|
|7     |FDRE |    83|
+------+-----+------+

Report Instance Areas: 
+------+------------------------+---------------------------------------------------------------+------+
|      |Instance                |Module                                                         |Cells |
+------+------------------------+---------------------------------------------------------------+------+
|1     |top                     |                                                               |   183|
|2     |  inst                  |axi_mmu_v2_1_16_top                                            |   183|
|3     |    decerr_slave_inst   |axi_mmu_v2_1_16_decerr_slave                                   |    39|
|4     |    register_slice_inst |axi_register_slice_v2_1_18_axi_register_slice                  |    92|
|5     |      \ar.ar_pipe       |axi_register_slice_v2_1_18_axic_register_slice__parameterized2 |    92|
+------+------------------------+---------------------------------------------------------------+------+
---------------------------------------------------------------------------------
Finished Writing Synthesis Report : Time (s): cpu = 00:00:33 ; elapsed = 00:00:38 . Memory (MB): peak = 1773.117 ; gain = 427.680 ; free physical = 1563 ; free virtual = 5715
---------------------------------------------------------------------------------
Synthesis finished with 0 errors, 0 critical warnings and 109 warnings.
Synthesis Optimization Runtime : Time (s): cpu = 00:00:24 ; elapsed = 00:00:28 . Memory (MB): peak = 1773.117 ; gain = 83.672 ; free physical = 1581 ; free virtual = 5734
Synthesis Optimization Complete : Time (s): cpu = 00:00:33 ; elapsed = 00:00:38 . Memory (MB): peak = 1773.125 ; gain = 427.680 ; free physical = 1581 ; free virtual = 5734
INFO: [Project 1-571] Translating synthesized netlist
INFO: [Project 1-570] Preparing netlist for logic optimization
INFO: [Opt 31-138] Pushed 0 inverter(s) to 0 load pin(s).
Netlist sorting complete. Time (s): cpu = 00:00:00 ; elapsed = 00:00:00 . Memory (MB): peak = 1773.125 ; gain = 0.000 ; free physical = 1548 ; free virtual = 5700
INFO: [Project 1-111] Unisim Transformation Summary:
No Unisim elements were transformed.

INFO: [Common 17-83] Releasing license: Synthesis
47 Infos, 101 Warnings, 0 Critical Warnings and 0 Errors encountered.
synth_design completed successfully
synth_design: Time (s): cpu = 00:00:36 ; elapsed = 00:00:41 . Memory (MB): peak = 1773.125 ; gain = 427.766 ; free physical = 1569 ; free virtual = 5721
INFO: [Common 17-600] The following parameters have non-default value.
general.maxThreads
Netlist sorting complete. Time (s): cpu = 00:00:00 ; elapsed = 00:00:00 . Memory (MB): peak = 1773.125 ; gain = 0.000 ; free physical = 1569 ; free virtual = 5721
WARNING: [Constraints 18-5210] No constraints selected for write.
Resolution: This message can indicate that there are no constraints for the design, or it can indicate that the used_in flags are set such that the constraints are ignored. This later case is used when running synth_design to not write synthesis constraints to the resulting checkpoint. Instead, project constraints are read when the synthesized design is opened.
INFO: [Common 17-1381] The checkpoint '/home/nachiket/ece327-s22/labs/jlmrocze-lab4/overlay/tutorial/tutorial.runs/tutorial_s00_mmu_0_synth_1/tutorial_s00_mmu_0.dcp' has been generated.
INFO: [Coretcl 2-1648] Added synthesis output to IP cache for IP tutorial_s00_mmu_0, cache-ID = c77351d9169bacf0
INFO: [Coretcl 2-1174] Renamed 4 cell refs.
Netlist sorting complete. Time (s): cpu = 00:00:00 ; elapsed = 00:00:00 . Memory (MB): peak = 1797.129 ; gain = 0.000 ; free physical = 1534 ; free virtual = 5687
WARNING: [Constraints 18-5210] No constraints selected for write.
Resolution: This message can indicate that there are no constraints for the design, or it can indicate that the used_in flags are set such that the constraints are ignored. This later case is used when running synth_design to not write synthesis constraints to the resulting checkpoint. Instead, project constraints are read when the synthesized design is opened.
INFO: [Common 17-1381] The checkpoint '/home/nachiket/ece327-s22/labs/jlmrocze-lab4/overlay/tutorial/tutorial.runs/tutorial_s00_mmu_0_synth_1/tutorial_s00_mmu_0.dcp' has been generated.
INFO: [runtcl-4] Executing : report_utilization -file tutorial_s00_mmu_0_utilization_synth.rpt -pb tutorial_s00_mmu_0_utilization_synth.pb
INFO: [Common 17-206] Exiting Vivado at Fri Jul 29 19:09:37 2022...
