
*** Running vivado
    with args -log tutorial_wrapper.vdi -applog -m64 -product Vivado -messageDb vivado.pb -mode batch -source tutorial_wrapper.tcl -notrace


****** Vivado v2018.3 (64-bit)
  **** SW Build 2405991 on Thu Dec  6 23:36:41 MST 2018
  **** IP Build 2404404 on Fri Dec  7 01:43:56 MST 2018
    ** Copyright 1986-2018 Xilinx, Inc. All Rights Reserved.

source tutorial_wrapper.tcl -notrace
INFO: [IP_Flow 19-234] Refreshing IP repositories
INFO: [IP_Flow 19-1704] No user IP repositories specified
INFO: [IP_Flow 19-2313] Loaded Vivado IP repository '/opt/Xilinx/Vivado/2018.3/data/ip'.
add_files: Time (s): cpu = 00:00:06 ; elapsed = 00:00:07 . Memory (MB): peak = 1512.746 ; gain = 184.090 ; free physical = 2566 ; free virtual = 6730
Command: link_design -top tutorial_wrapper -part xc7z020clg400-1
Design is defaulting to srcset: sources_1
Design is defaulting to constrset: constrs_1
INFO: [Project 1-454] Reading design checkpoint '/home/nachiket/ece327-s22/labs/jlmrocze-lab4/overlay/tutorial/tutorial.srcs/sources_1/bd/tutorial/ip/tutorial_processing_system7_0_0/tutorial_processing_system7_0_0.dcp' for cell 'tutorial_i/processing_system7_0'
INFO: [Project 1-454] Reading design checkpoint '/home/nachiket/ece327-s22/labs/jlmrocze-lab4/overlay/tutorial/tutorial.srcs/sources_1/bd/tutorial/ip/tutorial_rst_processing_system7_0_100M_0/tutorial_rst_processing_system7_0_100M_0.dcp' for cell 'tutorial_i/rst_processing_system7_0_100M'
INFO: [Project 1-454] Reading design checkpoint '/home/nachiket/ece327-s22/labs/jlmrocze-lab4/overlay/tutorial/tutorial.srcs/sources_1/bd/tutorial/ip/tutorial_s00_mmu_0/tutorial_s00_mmu_0.dcp' for cell 'tutorial_i/axi_mem_intercon/s00_mmu'
INFO: [Project 1-454] Reading design checkpoint '/home/nachiket/ece327-s22/labs/jlmrocze-lab4/overlay/tutorial/tutorial.srcs/sources_1/bd/tutorial/ip/tutorial_s01_mmu_0/tutorial_s01_mmu_0.dcp' for cell 'tutorial_i/axi_mem_intercon/s01_mmu'
INFO: [Project 1-454] Reading design checkpoint '/home/nachiket/ece327-s22/labs/jlmrocze-lab4/overlay/tutorial/tutorial.srcs/sources_1/bd/tutorial/ip/tutorial_xbar_0/tutorial_xbar_0.dcp' for cell 'tutorial_i/axi_mem_intercon/xbar'
INFO: [Project 1-454] Reading design checkpoint '/home/nachiket/ece327-s22/labs/jlmrocze-lab4/overlay/tutorial/tutorial.srcs/sources_1/bd/tutorial/ip/tutorial_auto_pc_0/tutorial_auto_pc_0.dcp' for cell 'tutorial_i/axi_mem_intercon/m00_couplers/auto_pc'
INFO: [Project 1-454] Reading design checkpoint '/home/nachiket/ece327-s22/labs/jlmrocze-lab4/overlay/tutorial/tutorial.srcs/sources_1/bd/tutorial/ip/tutorial_auto_us_0/tutorial_auto_us_0.dcp' for cell 'tutorial_i/axi_mem_intercon/s00_couplers/auto_us'
INFO: [Project 1-454] Reading design checkpoint '/home/nachiket/ece327-s22/labs/jlmrocze-lab4/overlay/tutorial/tutorial.srcs/sources_1/bd/tutorial/ip/tutorial_auto_us_1/tutorial_auto_us_1.dcp' for cell 'tutorial_i/axi_mem_intercon/s01_couplers/auto_us'
INFO: [Project 1-454] Reading design checkpoint '/home/nachiket/ece327-s22/labs/jlmrocze-lab4/overlay/tutorial/tutorial.srcs/sources_1/bd/tutorial/ip/tutorial_axi_dma_0/tutorial_axi_dma_0.dcp' for cell 'tutorial_i/mm_eval/axi_dma'
INFO: [Project 1-454] Reading design checkpoint '/home/nachiket/ece327-s22/labs/jlmrocze-lab4/overlay/tutorial/tutorial.srcs/sources_1/bd/tutorial/ip/tutorial_mm_0_0/tutorial_mm_0_0.dcp' for cell 'tutorial_i/mm_eval/mm_0'
INFO: [Project 1-454] Reading design checkpoint '/home/nachiket/ece327-s22/labs/jlmrocze-lab4/overlay/tutorial/tutorial.srcs/sources_1/bd/tutorial/ip/tutorial_xbar_1/tutorial_xbar_1.dcp' for cell 'tutorial_i/processing_system7_0_axi_periph/xbar'
INFO: [Project 1-454] Reading design checkpoint '/home/nachiket/ece327-s22/labs/jlmrocze-lab4/overlay/tutorial/tutorial.srcs/sources_1/bd/tutorial/ip/tutorial_auto_pc_1/tutorial_auto_pc_1.dcp' for cell 'tutorial_i/processing_system7_0_axi_periph/m02_couplers/auto_pc'
INFO: [Project 1-454] Reading design checkpoint '/home/nachiket/ece327-s22/labs/jlmrocze-lab4/overlay/tutorial/tutorial.srcs/sources_1/bd/tutorial/ip/tutorial_auto_pc_2/tutorial_auto_pc_2.dcp' for cell 'tutorial_i/processing_system7_0_axi_periph/s00_couplers/auto_pc'
INFO: [Netlist 29-17] Analyzing 3614 Unisim elements for replacement
INFO: [Netlist 29-28] Unisim Transformation completed in 0 CPU seconds
INFO: [Project 1-479] Netlist was created with Vivado 2018.3
INFO: [Device 21-403] Loading part xc7z020clg400-1
INFO: [Project 1-570] Preparing netlist for logic optimization
Parsing XDC File [/home/nachiket/ece327-s22/labs/jlmrocze-lab4/overlay/tutorial/tutorial.srcs/sources_1/bd/tutorial/ip/tutorial_axi_dma_0/tutorial_axi_dma_0.xdc] for cell 'tutorial_i/mm_eval/axi_dma/U0'
Finished Parsing XDC File [/home/nachiket/ece327-s22/labs/jlmrocze-lab4/overlay/tutorial/tutorial.srcs/sources_1/bd/tutorial/ip/tutorial_axi_dma_0/tutorial_axi_dma_0.xdc] for cell 'tutorial_i/mm_eval/axi_dma/U0'
Parsing XDC File [/home/nachiket/ece327-s22/labs/jlmrocze-lab4/overlay/tutorial/tutorial.srcs/sources_1/bd/tutorial/ip/tutorial_processing_system7_0_0/tutorial_processing_system7_0_0.xdc] for cell 'tutorial_i/processing_system7_0/inst'
Finished Parsing XDC File [/home/nachiket/ece327-s22/labs/jlmrocze-lab4/overlay/tutorial/tutorial.srcs/sources_1/bd/tutorial/ip/tutorial_processing_system7_0_0/tutorial_processing_system7_0_0.xdc] for cell 'tutorial_i/processing_system7_0/inst'
Parsing XDC File [/home/nachiket/ece327-s22/labs/jlmrocze-lab4/overlay/tutorial/tutorial.srcs/sources_1/bd/tutorial/ip/tutorial_rst_processing_system7_0_100M_0/tutorial_rst_processing_system7_0_100M_0_board.xdc] for cell 'tutorial_i/rst_processing_system7_0_100M/U0'
Finished Parsing XDC File [/home/nachiket/ece327-s22/labs/jlmrocze-lab4/overlay/tutorial/tutorial.srcs/sources_1/bd/tutorial/ip/tutorial_rst_processing_system7_0_100M_0/tutorial_rst_processing_system7_0_100M_0_board.xdc] for cell 'tutorial_i/rst_processing_system7_0_100M/U0'
Parsing XDC File [/home/nachiket/ece327-s22/labs/jlmrocze-lab4/overlay/tutorial/tutorial.srcs/sources_1/bd/tutorial/ip/tutorial_rst_processing_system7_0_100M_0/tutorial_rst_processing_system7_0_100M_0.xdc] for cell 'tutorial_i/rst_processing_system7_0_100M/U0'
Finished Parsing XDC File [/home/nachiket/ece327-s22/labs/jlmrocze-lab4/overlay/tutorial/tutorial.srcs/sources_1/bd/tutorial/ip/tutorial_rst_processing_system7_0_100M_0/tutorial_rst_processing_system7_0_100M_0.xdc] for cell 'tutorial_i/rst_processing_system7_0_100M/U0'
Parsing XDC File [/home/nachiket/ece327-s22/labs/jlmrocze-lab4/overlay/lab4.xdc]
Finished Parsing XDC File [/home/nachiket/ece327-s22/labs/jlmrocze-lab4/overlay/lab4.xdc]
Parsing XDC File [/home/nachiket/ece327-s22/labs/jlmrocze-lab4/overlay/tutorial/tutorial.srcs/sources_1/bd/tutorial/ip/tutorial_auto_us_0/tutorial_auto_us_0_clocks.xdc] for cell 'tutorial_i/axi_mem_intercon/s00_couplers/auto_us/inst'
Finished Parsing XDC File [/home/nachiket/ece327-s22/labs/jlmrocze-lab4/overlay/tutorial/tutorial.srcs/sources_1/bd/tutorial/ip/tutorial_auto_us_0/tutorial_auto_us_0_clocks.xdc] for cell 'tutorial_i/axi_mem_intercon/s00_couplers/auto_us/inst'
Parsing XDC File [/home/nachiket/ece327-s22/labs/jlmrocze-lab4/overlay/tutorial/tutorial.srcs/sources_1/bd/tutorial/ip/tutorial_auto_us_1/tutorial_auto_us_1_clocks.xdc] for cell 'tutorial_i/axi_mem_intercon/s01_couplers/auto_us/inst'
Finished Parsing XDC File [/home/nachiket/ece327-s22/labs/jlmrocze-lab4/overlay/tutorial/tutorial.srcs/sources_1/bd/tutorial/ip/tutorial_auto_us_1/tutorial_auto_us_1_clocks.xdc] for cell 'tutorial_i/axi_mem_intercon/s01_couplers/auto_us/inst'
Parsing XDC File [/home/nachiket/ece327-s22/labs/jlmrocze-lab4/overlay/tutorial/tutorial.srcs/sources_1/bd/tutorial/ip/tutorial_axi_dma_0/tutorial_axi_dma_0_clocks.xdc] for cell 'tutorial_i/mm_eval/axi_dma/U0'
Finished Parsing XDC File [/home/nachiket/ece327-s22/labs/jlmrocze-lab4/overlay/tutorial/tutorial.srcs/sources_1/bd/tutorial/ip/tutorial_axi_dma_0/tutorial_axi_dma_0_clocks.xdc] for cell 'tutorial_i/mm_eval/axi_dma/U0'
Sourcing Tcl File [/opt/Xilinx/Vivado/2018.3/data/ip/xpm/xpm_cdc/tcl/xpm_cdc_async_rst.tcl] for cell 'tutorial_i/axi_mem_intercon/m00_couplers/auto_pc/inst/gen_axi4_axi3.axi3_conv_inst/USE_READ.USE_SPLIT_R.read_addr_inst/USE_R_CHANNEL.cmd_queue/inst/fifo_gen_inst/inst_fifo_gen/gconvfifo.rf/grf.rf/rstblk/ngwrdrst.grst.g7serrst.gnsckt_wrst.rst_wr_reg2_inst'
INFO: [Timing 38-35] Done setting XDC timing constraints. [/opt/Xilinx/Vivado/2018.3/data/ip/xpm/xpm_cdc/tcl/xpm_cdc_async_rst.tcl:2]
all_registers: Time (s): cpu = 00:00:16 ; elapsed = 00:00:15 . Memory (MB): peak = 2267.770 ; gain = 528.574 ; free physical = 1703 ; free virtual = 5867
Finished Sourcing Tcl File [/opt/Xilinx/Vivado/2018.3/data/ip/xpm/xpm_cdc/tcl/xpm_cdc_async_rst.tcl] for cell 'tutorial_i/axi_mem_intercon/m00_couplers/auto_pc/inst/gen_axi4_axi3.axi3_conv_inst/USE_READ.USE_SPLIT_R.read_addr_inst/USE_R_CHANNEL.cmd_queue/inst/fifo_gen_inst/inst_fifo_gen/gconvfifo.rf/grf.rf/rstblk/ngwrdrst.grst.g7serrst.gnsckt_wrst.rst_wr_reg2_inst'
Sourcing Tcl File [/opt/Xilinx/Vivado/2018.3/data/ip/xpm/xpm_cdc/tcl/xpm_cdc_async_rst.tcl] for cell 'tutorial_i/axi_mem_intercon/m00_couplers/auto_pc/inst/gen_axi4_axi3.axi3_conv_inst/USE_WRITE.write_addr_inst/USE_BURSTS.cmd_queue/inst/fifo_gen_inst/inst_fifo_gen/gconvfifo.rf/grf.rf/rstblk/ngwrdrst.grst.g7serrst.gnsckt_wrst.rst_wr_reg2_inst'
Finished Sourcing Tcl File [/opt/Xilinx/Vivado/2018.3/data/ip/xpm/xpm_cdc/tcl/xpm_cdc_async_rst.tcl] for cell 'tutorial_i/axi_mem_intercon/m00_couplers/auto_pc/inst/gen_axi4_axi3.axi3_conv_inst/USE_WRITE.write_addr_inst/USE_BURSTS.cmd_queue/inst/fifo_gen_inst/inst_fifo_gen/gconvfifo.rf/grf.rf/rstblk/ngwrdrst.grst.g7serrst.gnsckt_wrst.rst_wr_reg2_inst'
Sourcing Tcl File [/opt/Xilinx/Vivado/2018.3/data/ip/xpm/xpm_cdc/tcl/xpm_cdc_async_rst.tcl] for cell 'tutorial_i/axi_mem_intercon/m00_couplers/auto_pc/inst/gen_axi4_axi3.axi3_conv_inst/USE_WRITE.write_addr_inst/USE_B_CHANNEL.cmd_b_queue/inst/fifo_gen_inst/inst_fifo_gen/gconvfifo.rf/grf.rf/rstblk/ngwrdrst.grst.g7serrst.gnsckt_wrst.rst_wr_reg2_inst'
Finished Sourcing Tcl File [/opt/Xilinx/Vivado/2018.3/data/ip/xpm/xpm_cdc/tcl/xpm_cdc_async_rst.tcl] for cell 'tutorial_i/axi_mem_intercon/m00_couplers/auto_pc/inst/gen_axi4_axi3.axi3_conv_inst/USE_WRITE.write_addr_inst/USE_B_CHANNEL.cmd_b_queue/inst/fifo_gen_inst/inst_fifo_gen/gconvfifo.rf/grf.rf/rstblk/ngwrdrst.grst.g7serrst.gnsckt_wrst.rst_wr_reg2_inst'
Sourcing Tcl File [/opt/Xilinx/Vivado/2018.3/data/ip/xpm/xpm_fifo/tcl/xpm_fifo_rst.tcl] for cell 'tutorial_i/mm_eval/axi_dma/U0/I_PRMRY_DATAMOVER/GEN_MM2S_FULL.I_MM2S_FULL_WRAPPER/GEN_INCLUDE_MM2S_SF.I_RD_SF/I_DATA_FIFO/BLK_MEM.I_SYNC_FIFOGEN_FIFO/xpm_fifo_instance.xpm_fifo_sync_inst'
Finished Sourcing Tcl File [/opt/Xilinx/Vivado/2018.3/data/ip/xpm/xpm_fifo/tcl/xpm_fifo_rst.tcl] for cell 'tutorial_i/mm_eval/axi_dma/U0/I_PRMRY_DATAMOVER/GEN_MM2S_FULL.I_MM2S_FULL_WRAPPER/GEN_INCLUDE_MM2S_SF.I_RD_SF/I_DATA_FIFO/BLK_MEM.I_SYNC_FIFOGEN_FIFO/xpm_fifo_instance.xpm_fifo_sync_inst'
Sourcing Tcl File [/opt/Xilinx/Vivado/2018.3/data/ip/xpm/xpm_fifo/tcl/xpm_fifo_rst.tcl] for cell 'tutorial_i/mm_eval/axi_dma/U0/I_PRMRY_DATAMOVER/GEN_S2MM_FULL.I_S2MM_FULL_WRAPPER/GEN_ENABLE_INDET_BTT_SF.I_INDET_BTT/I_XD_FIFO/NON_BLK_MEM.I_SYNC_FIFOGEN_FIFO/xpm_fifo_instance.xpm_fifo_sync_inst'
Finished Sourcing Tcl File [/opt/Xilinx/Vivado/2018.3/data/ip/xpm/xpm_fifo/tcl/xpm_fifo_rst.tcl] for cell 'tutorial_i/mm_eval/axi_dma/U0/I_PRMRY_DATAMOVER/GEN_S2MM_FULL.I_S2MM_FULL_WRAPPER/GEN_ENABLE_INDET_BTT_SF.I_INDET_BTT/I_XD_FIFO/NON_BLK_MEM.I_SYNC_FIFOGEN_FIFO/xpm_fifo_instance.xpm_fifo_sync_inst'
Sourcing Tcl File [/opt/Xilinx/Vivado/2018.3/data/ip/xpm/xpm_fifo/tcl/xpm_fifo_rst.tcl] for cell 'tutorial_i/mm_eval/axi_dma/U0/I_PRMRY_DATAMOVER/GEN_S2MM_FULL.I_S2MM_FULL_WRAPPER/GEN_ENABLE_INDET_BTT_SF.I_INDET_BTT/I_DATA_FIFO/BLK_MEM.I_SYNC_FIFOGEN_FIFO/xpm_fifo_instance.xpm_fifo_sync_inst'
Finished Sourcing Tcl File [/opt/Xilinx/Vivado/2018.3/data/ip/xpm/xpm_fifo/tcl/xpm_fifo_rst.tcl] for cell 'tutorial_i/mm_eval/axi_dma/U0/I_PRMRY_DATAMOVER/GEN_S2MM_FULL.I_S2MM_FULL_WRAPPER/GEN_ENABLE_INDET_BTT_SF.I_INDET_BTT/I_DATA_FIFO/BLK_MEM.I_SYNC_FIFOGEN_FIFO/xpm_fifo_instance.xpm_fifo_sync_inst'
INFO: [Opt 31-138] Pushed 0 inverter(s) to 0 load pin(s).
Netlist sorting complete. Time (s): cpu = 00:00:00.02 ; elapsed = 00:00:00.02 . Memory (MB): peak = 2451.859 ; gain = 0.000 ; free physical = 1757 ; free virtual = 5922
INFO: [Project 1-111] Unisim Transformation Summary:
  A total of 110 instances were transformed.
  RAM32M => RAM32M (RAMD32, RAMD32, RAMD32, RAMD32, RAMD32, RAMD32, RAMS32, RAMS32): 4 instances
  RAM32M => RAM32M (inverted pins: WCLK) (RAMD32, RAMD32, RAMD32, RAMD32, RAMD32, RAMD32, RAMS32, RAMS32): 105 instances
  RAM32X1D => RAM32X1D (RAMD32, RAMD32): 1 instances

24 Infos, 0 Warnings, 0 Critical Warnings and 0 Errors encountered.
link_design completed successfully
link_design: Time (s): cpu = 00:00:57 ; elapsed = 00:01:00 . Memory (MB): peak = 2451.859 ; gain = 939.113 ; free physical = 1757 ; free virtual = 5922
INFO: [Common 17-600] The following parameters have non-default value.
general.maxThreads
Command: opt_design
Attempting to get a license for feature 'Implementation' and/or device 'xc7z020'
INFO: [Common 17-349] Got license for feature 'Implementation' and/or device 'xc7z020'
Running DRC as a precondition to command opt_design

Starting DRC Task
INFO: [DRC 23-27] Running DRC with 4 threads
INFO: [Project 1-461] DRC finished with 0 Errors
INFO: [Project 1-462] Please refer to the DRC report (report_drc) for more information.

Time (s): cpu = 00:00:03 ; elapsed = 00:00:03 . Memory (MB): peak = 2451.859 ; gain = 0.000 ; free physical = 1751 ; free virtual = 5916

Starting Cache Timing Information Task
INFO: [Timing 38-35] Done setting XDC timing constraints.
Ending Cache Timing Information Task | Checksum: 222bf5bdc

Time (s): cpu = 00:00:04 ; elapsed = 00:00:02 . Memory (MB): peak = 2451.859 ; gain = 0.000 ; free physical = 1692 ; free virtual = 5857

Starting Logic Optimization Task

Phase 1 Retarget
INFO: [Opt 31-138] Pushed 5 inverter(s) to 16041 load pin(s).
INFO: [Opt 31-49] Retargeted 0 cell(s).
Phase 1 Retarget | Checksum: 22eed06c9

Time (s): cpu = 00:00:10 ; elapsed = 00:00:07 . Memory (MB): peak = 2451.859 ; gain = 0.000 ; free physical = 1673 ; free virtual = 5837
INFO: [Opt 31-389] Phase Retarget created 136 cells and removed 252 cells
INFO: [Opt 31-1021] In phase Retarget, 16 netlist objects are constrained preventing optimization. Please run opt_design with -debug_log to get more detail. 

Phase 2 Constant propagation
INFO: [Opt 31-138] Pushed 3 inverter(s) to 10 load pin(s).
Phase 2 Constant propagation | Checksum: 1dfb1dcde

Time (s): cpu = 00:00:13 ; elapsed = 00:00:10 . Memory (MB): peak = 2451.859 ; gain = 0.000 ; free physical = 1672 ; free virtual = 5837
INFO: [Opt 31-389] Phase Constant propagation created 1720 cells and removed 3398 cells
INFO: [Opt 31-1021] In phase Constant propagation, 15 netlist objects are constrained preventing optimization. Please run opt_design with -debug_log to get more detail. 

Phase 3 Sweep
Phase 3 Sweep | Checksum: 165d74fbc

Time (s): cpu = 00:00:17 ; elapsed = 00:00:14 . Memory (MB): peak = 2451.859 ; gain = 0.000 ; free physical = 1665 ; free virtual = 5829
INFO: [Opt 31-389] Phase Sweep created 0 cells and removed 882 cells
INFO: [Opt 31-1021] In phase Sweep, 78 netlist objects are constrained preventing optimization. Please run opt_design with -debug_log to get more detail. 

Phase 4 BUFG optimization
Phase 4 BUFG optimization | Checksum: 165d74fbc

Time (s): cpu = 00:00:18 ; elapsed = 00:00:15 . Memory (MB): peak = 2451.859 ; gain = 0.000 ; free physical = 1668 ; free virtual = 5833
INFO: [Opt 31-662] Phase BUFG optimization created 0 cells of which 0 are BUFGs and removed 0 cells.

Phase 5 Shift Register Optimization
Phase 5 Shift Register Optimization | Checksum: 16e0bde1d

Time (s): cpu = 00:00:23 ; elapsed = 00:00:20 . Memory (MB): peak = 2451.859 ; gain = 0.000 ; free physical = 1668 ; free virtual = 5833
INFO: [Opt 31-389] Phase Shift Register Optimization created 0 cells and removed 0 cells

Phase 6 Post Processing Netlist
Phase 6 Post Processing Netlist | Checksum: 16e0bde1d

Time (s): cpu = 00:00:25 ; elapsed = 00:00:21 . Memory (MB): peak = 2451.859 ; gain = 0.000 ; free physical = 1669 ; free virtual = 5834
INFO: [Opt 31-389] Phase Post Processing Netlist created 0 cells and removed 0 cells
INFO: [Opt 31-1021] In phase Post Processing Netlist, 16 netlist objects are constrained preventing optimization. Please run opt_design with -debug_log to get more detail. 
Opt_design Change Summary
=========================


-------------------------------------------------------------------------------------------------------------------------
|  Phase                        |  #Cells created  |  #Cells Removed  |  #Constrained objects preventing optimizations  |
-------------------------------------------------------------------------------------------------------------------------
|  Retarget                     |             136  |             252  |                                             16  |
|  Constant propagation         |            1720  |            3398  |                                             15  |
|  Sweep                        |               0  |             882  |                                             78  |
|  BUFG optimization            |               0  |               0  |                                              0  |
|  Shift Register Optimization  |               0  |               0  |                                              0  |
|  Post Processing Netlist      |               0  |               0  |                                             16  |
-------------------------------------------------------------------------------------------------------------------------



Starting Connectivity Check Task

Time (s): cpu = 00:00:00.37 ; elapsed = 00:00:00.37 . Memory (MB): peak = 2451.859 ; gain = 0.000 ; free physical = 1669 ; free virtual = 5834
Ending Logic Optimization Task | Checksum: 16e0bde1d

Time (s): cpu = 00:00:25 ; elapsed = 00:00:22 . Memory (MB): peak = 2451.859 ; gain = 0.000 ; free physical = 1669 ; free virtual = 5834

Starting Power Optimization Task
INFO: [Pwropt 34-132] Skipping clock gating for clocks with a period < 2.00 ns.
INFO: [Timing 38-35] Done setting XDC timing constraints.
INFO: [Pwropt 34-9] Applying IDT optimizations ...
INFO: [Pwropt 34-10] Applying ODC optimizations ...
INFO: [Physopt 32-619] Estimated Timing Summary | WNS=1.300 | TNS=0.000 |
Running Vector-less Activity Propagation...

Finished Running Vector-less Activity Propagation


Starting PowerOpt Patch Enables Task
INFO: [Pwropt 34-162] WRITE_MODE attribute of 0 BRAM(s) out of a total of 2 has been updated to save power. Run report_power_opt to get a complete listing of the BRAMs updated.
INFO: [Pwropt 34-201] Structural ODC has moved 0 WE to EN ports
Number of BRAM Ports augmented: 3 newly gated: 0 Total Ports: 4
Ending PowerOpt Patch Enables Task | Checksum: 109a56bac

Time (s): cpu = 00:00:00.58 ; elapsed = 00:00:00.63 . Memory (MB): peak = 2813.422 ; gain = 0.000 ; free physical = 1574 ; free virtual = 5739
Ending Power Optimization Task | Checksum: 109a56bac

Time (s): cpu = 00:00:41 ; elapsed = 00:00:15 . Memory (MB): peak = 2813.422 ; gain = 361.562 ; free physical = 1616 ; free virtual = 5781

Starting Final Cleanup Task
Ending Final Cleanup Task | Checksum: 109a56bac

Time (s): cpu = 00:00:00 ; elapsed = 00:00:00 . Memory (MB): peak = 2813.422 ; gain = 0.000 ; free physical = 1616 ; free virtual = 5781

Starting Netlist Obfuscation Task
Netlist sorting complete. Time (s): cpu = 00:00:00.02 ; elapsed = 00:00:00.02 . Memory (MB): peak = 2813.422 ; gain = 0.000 ; free physical = 1616 ; free virtual = 5781
Ending Netlist Obfuscation Task | Checksum: bdac474d

Time (s): cpu = 00:00:00.02 ; elapsed = 00:00:00.02 . Memory (MB): peak = 2813.422 ; gain = 0.000 ; free physical = 1616 ; free virtual = 5781
INFO: [Common 17-83] Releasing license: Implementation
51 Infos, 0 Warnings, 0 Critical Warnings and 0 Errors encountered.
opt_design completed successfully
opt_design: Time (s): cpu = 00:01:16 ; elapsed = 00:00:45 . Memory (MB): peak = 2813.422 ; gain = 361.562 ; free physical = 1618 ; free virtual = 5783
INFO: [Common 17-600] The following parameters have non-default value.
general.maxThreads
Netlist sorting complete. Time (s): cpu = 00:00:00.02 ; elapsed = 00:00:00.01 . Memory (MB): peak = 2813.422 ; gain = 0.000 ; free physical = 1618 ; free virtual = 5783
INFO: [Timing 38-480] Writing timing data to binary archive.
Writing placer database...
Writing XDEF routing.
Writing XDEF routing logical nets.
Writing XDEF routing special nets.
Write XDEF Complete: Time (s): cpu = 00:00:00.62 ; elapsed = 00:00:00.14 . Memory (MB): peak = 2813.422 ; gain = 0.000 ; free physical = 1613 ; free virtual = 5781
Netlist sorting complete. Time (s): cpu = 00:00:00.04 ; elapsed = 00:00:00.01 . Memory (MB): peak = 2813.422 ; gain = 0.000 ; free physical = 1599 ; free virtual = 5773
INFO: [Common 17-1381] The checkpoint '/home/nachiket/ece327-s22/labs/jlmrocze-lab4/overlay/tutorial/tutorial.runs/impl_1/tutorial_wrapper_opt.dcp' has been generated.
write_checkpoint: Time (s): cpu = 00:00:24 ; elapsed = 00:00:22 . Memory (MB): peak = 2813.422 ; gain = 0.000 ; free physical = 1605 ; free virtual = 5780
INFO: [runtcl-4] Executing : report_drc -file tutorial_wrapper_drc_opted.rpt -pb tutorial_wrapper_drc_opted.pb -rpx tutorial_wrapper_drc_opted.rpx
Command: report_drc -file tutorial_wrapper_drc_opted.rpt -pb tutorial_wrapper_drc_opted.pb -rpx tutorial_wrapper_drc_opted.rpx
INFO: [IP_Flow 19-1839] IP Catalog is up to date.
INFO: [DRC 23-27] Running DRC with 4 threads
WARNING: [Designutils 20-3303] unexpected site type 'IOPAD' in HDPYFinalizeIO
WARNING: [Designutils 20-3303] unexpected site type 'IOPAD' in HDPYFinalizeIO
WARNING: [Designutils 20-3303] unexpected site type 'IOPAD' in HDPYFinalizeIO
WARNING: [Designutils 20-3303] unexpected site type 'IOPAD' in HDPYFinalizeIO
WARNING: [Designutils 20-3303] unexpected site type 'IOPAD' in HDPYFinalizeIO
WARNING: [Designutils 20-3303] unexpected site type 'IOPAD' in HDPYFinalizeIO
WARNING: [Designutils 20-3303] unexpected site type 'IOPAD' in HDPYFinalizeIO
WARNING: [Designutils 20-3303] unexpected site type 'IOPAD' in HDPYFinalizeIO
WARNING: [Designutils 20-3303] unexpected site type 'IOPAD' in HDPYFinalizeIO
WARNING: [Designutils 20-3303] unexpected site type 'IOPAD' in HDPYFinalizeIO
WARNING: [Designutils 20-3303] unexpected site type 'IOPAD' in HDPYFinalizeIO
WARNING: [Designutils 20-3303] unexpected site type 'IOPAD' in HDPYFinalizeIO
WARNING: [Designutils 20-3303] unexpected site type 'IOPAD' in HDPYFinalizeIO
WARNING: [Designutils 20-3303] unexpected site type 'IOPAD' in HDPYFinalizeIO
WARNING: [Designutils 20-3303] unexpected site type 'IOPAD' in HDPYFinalizeIO
WARNING: [Designutils 20-3303] unexpected site type 'IOPAD' in HDPYFinalizeIO
WARNING: [Designutils 20-3303] unexpected site type 'IOPAD' in HDPYFinalizeIO
WARNING: [Designutils 20-3303] unexpected site type 'IOPAD' in HDPYFinalizeIO
WARNING: [Designutils 20-3303] unexpected site type 'IOPAD' in HDPYFinalizeIO
WARNING: [Designutils 20-3303] unexpected site type 'IOPAD' in HDPYFinalizeIO
WARNING: [Designutils 20-3303] unexpected site type 'IOPAD' in HDPYFinalizeIO
WARNING: [Designutils 20-3303] unexpected site type 'IOPAD' in HDPYFinalizeIO
WARNING: [Designutils 20-3303] unexpected site type 'IOPAD' in HDPYFinalizeIO
WARNING: [Designutils 20-3303] unexpected site type 'IOPAD' in HDPYFinalizeIO
WARNING: [Designutils 20-3303] unexpected site type 'IOPAD' in HDPYFinalizeIO
WARNING: [Designutils 20-3303] unexpected site type 'IOPAD' in HDPYFinalizeIO
WARNING: [Designutils 20-3303] unexpected site type 'IOPAD' in HDPYFinalizeIO
WARNING: [Designutils 20-3303] unexpected site type 'IOPAD' in HDPYFinalizeIO
WARNING: [Designutils 20-3303] unexpected site type 'IOPAD' in HDPYFinalizeIO
WARNING: [Designutils 20-3303] unexpected site type 'IOPAD' in HDPYFinalizeIO
WARNING: [Designutils 20-3303] unexpected site type 'IOPAD' in HDPYFinalizeIO
WARNING: [Designutils 20-3303] unexpected site type 'IOPAD' in HDPYFinalizeIO
WARNING: [Designutils 20-3303] unexpected site type 'IOPAD' in HDPYFinalizeIO
WARNING: [Designutils 20-3303] unexpected site type 'IOPAD' in HDPYFinalizeIO
WARNING: [Designutils 20-3303] unexpected site type 'IOPAD' in HDPYFinalizeIO
WARNING: [Designutils 20-3303] unexpected site type 'IOPAD' in HDPYFinalizeIO
WARNING: [Designutils 20-3303] unexpected site type 'IOPAD' in HDPYFinalizeIO
WARNING: [Designutils 20-3303] unexpected site type 'IOPAD' in HDPYFinalizeIO
WARNING: [Designutils 20-3303] unexpected site type 'IOPAD' in HDPYFinalizeIO
WARNING: [Designutils 20-3303] unexpected site type 'IOPAD' in HDPYFinalizeIO
WARNING: [Designutils 20-3303] unexpected site type 'IOPAD' in HDPYFinalizeIO
WARNING: [Designutils 20-3303] unexpected site type 'IOPAD' in HDPYFinalizeIO
WARNING: [Designutils 20-3303] unexpected site type 'IOPAD' in HDPYFinalizeIO
WARNING: [Designutils 20-3303] unexpected site type 'IOPAD' in HDPYFinalizeIO
WARNING: [Designutils 20-3303] unexpected site type 'IOPAD' in HDPYFinalizeIO
WARNING: [Designutils 20-3303] unexpected site type 'IOPAD' in HDPYFinalizeIO
WARNING: [Designutils 20-3303] unexpected site type 'IOPAD' in HDPYFinalizeIO
WARNING: [Designutils 20-3303] unexpected site type 'IOPAD' in HDPYFinalizeIO
WARNING: [Designutils 20-3303] unexpected site type 'IOPAD' in HDPYFinalizeIO
WARNING: [Designutils 20-3303] unexpected site type 'IOPAD' in HDPYFinalizeIO
WARNING: [Designutils 20-3303] unexpected site type 'IOPAD' in HDPYFinalizeIO
WARNING: [Designutils 20-3303] unexpected site type 'IOPAD' in HDPYFinalizeIO
WARNING: [Designutils 20-3303] unexpected site type 'IOPAD' in HDPYFinalizeIO
WARNING: [Designutils 20-3303] unexpected site type 'IOPAD' in HDPYFinalizeIO
WARNING: [Designutils 20-3303] unexpected site type 'IOPAD' in HDPYFinalizeIO
WARNING: [Designutils 20-3303] unexpected site type 'IOPAD' in HDPYFinalizeIO
WARNING: [Designutils 20-3303] unexpected site type 'IOPAD' in HDPYFinalizeIO
WARNING: [Designutils 20-3303] unexpected site type 'IOPAD' in HDPYFinalizeIO
WARNING: [Designutils 20-3303] unexpected site type 'IOPAD' in HDPYFinalizeIO
WARNING: [Designutils 20-3303] unexpected site type 'IOPAD' in HDPYFinalizeIO
WARNING: [Designutils 20-3303] unexpected site type 'IOPAD' in HDPYFinalizeIO
WARNING: [Designutils 20-3303] unexpected site type 'IOPAD' in HDPYFinalizeIO
WARNING: [Designutils 20-3303] unexpected site type 'IOPAD' in HDPYFinalizeIO
WARNING: [Designutils 20-3303] unexpected site type 'IOPAD' in HDPYFinalizeIO
WARNING: [Designutils 20-3303] unexpected site type 'IOPAD' in HDPYFinalizeIO
WARNING: [Designutils 20-3303] unexpected site type 'IOPAD' in HDPYFinalizeIO
WARNING: [Designutils 20-3303] unexpected site type 'IOPAD' in HDPYFinalizeIO
WARNING: [Designutils 20-3303] unexpected site type 'IOPAD' in HDPYFinalizeIO
WARNING: [Designutils 20-3303] unexpected site type 'IOPAD' in HDPYFinalizeIO
WARNING: [Designutils 20-3303] unexpected site type 'IOPAD' in HDPYFinalizeIO
WARNING: [Designutils 20-3303] unexpected site type 'IOPAD' in HDPYFinalizeIO
WARNING: [Designutils 20-3303] unexpected site type 'IOPAD' in HDPYFinalizeIO
WARNING: [Designutils 20-3303] unexpected site type 'IOPAD' in HDPYFinalizeIO
WARNING: [Designutils 20-3303] unexpected site type 'IOPAD' in HDPYFinalizeIO
WARNING: [Designutils 20-3303] unexpected site type 'IOPAD' in HDPYFinalizeIO
WARNING: [Designutils 20-3303] unexpected site type 'IOPAD' in HDPYFinalizeIO
WARNING: [Designutils 20-3303] unexpected site type 'IOPAD' in HDPYFinalizeIO
WARNING: [Designutils 20-3303] unexpected site type 'IOPAD' in HDPYFinalizeIO
WARNING: [Designutils 20-3303] unexpected site type 'IOPAD' in HDPYFinalizeIO
WARNING: [Designutils 20-3303] unexpected site type 'IOPAD' in HDPYFinalizeIO
WARNING: [Designutils 20-3303] unexpected site type 'IOPAD' in HDPYFinalizeIO
WARNING: [Designutils 20-3303] unexpected site type 'IOPAD' in HDPYFinalizeIO
WARNING: [Designutils 20-3303] unexpected site type 'IOPAD' in HDPYFinalizeIO
WARNING: [Designutils 20-3303] unexpected site type 'IOPAD' in HDPYFinalizeIO
WARNING: [Designutils 20-3303] unexpected site type 'IOPAD' in HDPYFinalizeIO
WARNING: [Designutils 20-3303] unexpected site type 'IOPAD' in HDPYFinalizeIO
WARNING: [Designutils 20-3303] unexpected site type 'IOPAD' in HDPYFinalizeIO
WARNING: [Designutils 20-3303] unexpected site type 'IOPAD' in HDPYFinalizeIO
WARNING: [Designutils 20-3303] unexpected site type 'IOPAD' in HDPYFinalizeIO
WARNING: [Designutils 20-3303] unexpected site type 'IOPAD' in HDPYFinalizeIO
WARNING: [Designutils 20-3303] unexpected site type 'IOPAD' in HDPYFinalizeIO
WARNING: [Designutils 20-3303] unexpected site type 'IOPAD' in HDPYFinalizeIO
WARNING: [Designutils 20-3303] unexpected site type 'IOPAD' in HDPYFinalizeIO
WARNING: [Designutils 20-3303] unexpected site type 'IOPAD' in HDPYFinalizeIO
WARNING: [Designutils 20-3303] unexpected site type 'IOPAD' in HDPYFinalizeIO
WARNING: [Designutils 20-3303] unexpected site type 'IOPAD' in HDPYFinalizeIO
WARNING: [Designutils 20-3303] unexpected site type 'IOPAD' in HDPYFinalizeIO
WARNING: [Designutils 20-3303] unexpected site type 'IOPAD' in HDPYFinalizeIO
WARNING: [Designutils 20-3303] unexpected site type 'IOPAD' in HDPYFinalizeIO
WARNING: [Designutils 20-3303] unexpected site type 'IOPAD' in HDPYFinalizeIO
INFO: [Common 17-14] Message 'Designutils 20-3303' appears 100 times and further instances of the messages will be disabled. Use the Tcl command set_msg_config to change the current settings.
INFO: [Common 17-14] Message 'Designutils 20-3303' appears 100 times and further instances of the messages will be disabled. Use the Tcl command set_msg_config to change the current settings.
INFO: [Coretcl 2-168] The results of DRC are in file /home/nachiket/ece327-s22/labs/jlmrocze-lab4/overlay/tutorial/tutorial.runs/impl_1/tutorial_wrapper_drc_opted.rpt.
report_drc completed successfully
Command: place_design
Attempting to get a license for feature 'Implementation' and/or device 'xc7z020'
INFO: [Common 17-349] Got license for feature 'Implementation' and/or device 'xc7z020'
INFO: [DRC 23-27] Running DRC with 4 threads
INFO: [Vivado_Tcl 4-198] DRC finished with 0 Errors
INFO: [Vivado_Tcl 4-199] Please refer to the DRC report (report_drc) for more information.
Running DRC as a precondition to command place_design
INFO: [DRC 23-27] Running DRC with 4 threads
INFO: [Vivado_Tcl 4-198] DRC finished with 0 Errors
INFO: [Vivado_Tcl 4-199] Please refer to the DRC report (report_drc) for more information.

Starting Placer Task
INFO: [Place 30-611] Multithreading enabled for place_design using a maximum of 4 CPUs

Phase 1 Placer Initialization

Phase 1.1 Placer Initialization Netlist Sorting
Netlist sorting complete. Time (s): cpu = 00:00:00.01 ; elapsed = 00:00:00.01 . Memory (MB): peak = 2813.422 ; gain = 0.000 ; free physical = 1603 ; free virtual = 5778
Phase 1.1 Placer Initialization Netlist Sorting | Checksum: b55d2dc3

Time (s): cpu = 00:00:00.03 ; elapsed = 00:00:00.04 . Memory (MB): peak = 2813.422 ; gain = 0.000 ; free physical = 1603 ; free virtual = 5778
Netlist sorting complete. Time (s): cpu = 00:00:00.02 ; elapsed = 00:00:00.02 . Memory (MB): peak = 2813.422 ; gain = 0.000 ; free physical = 1603 ; free virtual = 5778

Phase 1.2 IO Placement/ Clock Placement/ Build Placer Device
INFO: [Timing 38-35] Done setting XDC timing constraints.
Phase 1.2 IO Placement/ Clock Placement/ Build Placer Device | Checksum: 10430af8f

Time (s): cpu = 00:00:10 ; elapsed = 00:00:07 . Memory (MB): peak = 2813.422 ; gain = 0.000 ; free physical = 1538 ; free virtual = 5713

Phase 1.3 Build Placer Netlist Model
Phase 1.3 Build Placer Netlist Model | Checksum: 240ee8181

Time (s): cpu = 00:00:37 ; elapsed = 00:00:21 . Memory (MB): peak = 2813.422 ; gain = 0.000 ; free physical = 1450 ; free virtual = 5625

Phase 1.4 Constrain Clocks/Macros
Phase 1.4 Constrain Clocks/Macros | Checksum: 240ee8181

Time (s): cpu = 00:00:38 ; elapsed = 00:00:21 . Memory (MB): peak = 2813.422 ; gain = 0.000 ; free physical = 1450 ; free virtual = 5625
Phase 1 Placer Initialization | Checksum: 240ee8181

Time (s): cpu = 00:00:38 ; elapsed = 00:00:21 . Memory (MB): peak = 2813.422 ; gain = 0.000 ; free physical = 1450 ; free virtual = 5625

Phase 2 Global Placement

Phase 2.1 Floorplanning
Phase 2.1 Floorplanning | Checksum: 223e8be48

Time (s): cpu = 00:00:49 ; elapsed = 00:00:26 . Memory (MB): peak = 2813.422 ; gain = 0.000 ; free physical = 1413 ; free virtual = 5588

Phase 2.2 Physical Synthesis In Placer
INFO: [Physopt 32-65] No nets found for high-fanout optimization.
INFO: [Physopt 32-232] Optimized 0 net. Created 0 new instance.
INFO: [Physopt 32-775] End 1 Pass. Optimized 0 net or cell. Created 0 new cell, deleted 0 existing cell and moved 0 existing cell
INFO: [Physopt 32-670] No setup violation found.  DSP Register Optimization was not performed.
INFO: [Physopt 32-670] No setup violation found.  Shift Register Optimization was not performed.
INFO: [Physopt 32-670] No setup violation found.  BRAM Register Optimization was not performed.
INFO: [Physopt 32-949] No candidate nets found for HD net replication
INFO: [Physopt 32-775] End 1 Pass. Optimized 0 net or cell. Created 0 new cell, deleted 0 existing cell and moved 0 existing cell
Netlist sorting complete. Time (s): cpu = 00:00:00.01 ; elapsed = 00:00:00.02 . Memory (MB): peak = 2813.422 ; gain = 0.000 ; free physical = 1403 ; free virtual = 5578

Summary of Physical Synthesis Optimizations
============================================


----------------------------------------------------------------------------------------------------------------------------------------
|  Optimization                  |  Added Cells  |  Removed Cells  |  Optimized Cells/Nets  |  Dont Touch  |  Iterations  |  Elapsed   |
----------------------------------------------------------------------------------------------------------------------------------------
|  Very High Fanout              |            0  |              0  |                     0  |           0  |           1  |  00:00:00  |
|  DSP Register                  |            0  |              0  |                     0  |           0  |           0  |  00:00:00  |
|  Shift Register                |            0  |              0  |                     0  |           0  |           0  |  00:00:00  |
|  BRAM Register                 |            0  |              0  |                     0  |           0  |           0  |  00:00:00  |
|  HD Interface Net Replication  |            0  |              0  |                     0  |           0  |           1  |  00:00:00  |
|  Total                         |            0  |              0  |                     0  |           0  |           2  |  00:00:00  |
----------------------------------------------------------------------------------------------------------------------------------------


Phase 2.2 Physical Synthesis In Placer | Checksum: 1d2edc22c

Time (s): cpu = 00:02:28 ; elapsed = 00:01:29 . Memory (MB): peak = 2813.422 ; gain = 0.000 ; free physical = 1403 ; free virtual = 5578
Phase 2 Global Placement | Checksum: 1f0dfbcff

Time (s): cpu = 00:02:31 ; elapsed = 00:01:30 . Memory (MB): peak = 2813.422 ; gain = 0.000 ; free physical = 1416 ; free virtual = 5591

Phase 3 Detail Placement

Phase 3.1 Commit Multi Column Macros
Phase 3.1 Commit Multi Column Macros | Checksum: 1f0dfbcff

Time (s): cpu = 00:02:31 ; elapsed = 00:01:30 . Memory (MB): peak = 2813.422 ; gain = 0.000 ; free physical = 1416 ; free virtual = 5591

Phase 3.2 Commit Most Macros & LUTRAMs
Phase 3.2 Commit Most Macros & LUTRAMs | Checksum: 2220608ed

Time (s): cpu = 00:02:58 ; elapsed = 00:01:44 . Memory (MB): peak = 2813.422 ; gain = 0.000 ; free physical = 1398 ; free virtual = 5573

Phase 3.3 Area Swap Optimization
Phase 3.3 Area Swap Optimization | Checksum: 2a6a5fb76

Time (s): cpu = 00:02:59 ; elapsed = 00:01:44 . Memory (MB): peak = 2813.422 ; gain = 0.000 ; free physical = 1398 ; free virtual = 5573

Phase 3.4 Pipeline Register Optimization
Phase 3.4 Pipeline Register Optimization | Checksum: 25250a7f2

Time (s): cpu = 00:02:59 ; elapsed = 00:01:45 . Memory (MB): peak = 2813.422 ; gain = 0.000 ; free physical = 1398 ; free virtual = 5573

Phase 3.5 Fast Optimization
Phase 3.5 Fast Optimization | Checksum: 20d17e3e8

Time (s): cpu = 00:03:19 ; elapsed = 00:01:53 . Memory (MB): peak = 2813.422 ; gain = 0.000 ; free physical = 1406 ; free virtual = 5581

Phase 3.6 Small Shape Detail Placement
Phase 3.6 Small Shape Detail Placement | Checksum: fe141a8d

Time (s): cpu = 00:03:48 ; elapsed = 00:02:22 . Memory (MB): peak = 2813.422 ; gain = 0.000 ; free physical = 1376 ; free virtual = 5551

Phase 3.7 Re-assign LUT pins
Phase 3.7 Re-assign LUT pins | Checksum: fb44bbc1

Time (s): cpu = 00:03:51 ; elapsed = 00:02:25 . Memory (MB): peak = 2813.422 ; gain = 0.000 ; free physical = 1378 ; free virtual = 5553

Phase 3.8 Pipeline Register Optimization
Phase 3.8 Pipeline Register Optimization | Checksum: 1916ecb10

Time (s): cpu = 00:03:52 ; elapsed = 00:02:26 . Memory (MB): peak = 2813.422 ; gain = 0.000 ; free physical = 1378 ; free virtual = 5553
Phase 3 Detail Placement | Checksum: 1916ecb10

Time (s): cpu = 00:03:52 ; elapsed = 00:02:26 . Memory (MB): peak = 2813.422 ; gain = 0.000 ; free physical = 1378 ; free virtual = 5553

Phase 4 Post Placement Optimization and Clean-Up

Phase 4.1 Post Commit Optimization
INFO: [Timing 38-35] Done setting XDC timing constraints.

Phase 4.1.1 Post Placement Optimization
Post Placement Optimization Initialization | Checksum: 9ade70e9

Phase 4.1.1.1 BUFG Insertion
INFO: [Place 46-33] Processed net tutorial_i/mm_eval/mm_0/inst/mm_inst/s2mm_inst/start_multiply_reg_0, BUFG insertion was skipped due to placement/routing conflicts.
INFO: [Place 46-46] BUFG insertion identified 1 candidate nets, 0 success, 0 bufg driver replicated, 1 skipped for placement/routing, 0 skipped for timing, 0 skipped for netlist change reason
Phase 4.1.1.1 BUFG Insertion | Checksum: 9ade70e9

Time (s): cpu = 00:04:17 ; elapsed = 00:02:37 . Memory (MB): peak = 2813.422 ; gain = 0.000 ; free physical = 1394 ; free virtual = 5569
INFO: [Place 30-746] Post Placement Timing Summary WNS=0.675. For the most accurate timing information please run report_timing.
Phase 4.1.1 Post Placement Optimization | Checksum: e8e67f43

Time (s): cpu = 00:04:18 ; elapsed = 00:02:37 . Memory (MB): peak = 2813.422 ; gain = 0.000 ; free physical = 1394 ; free virtual = 5569
Phase 4.1 Post Commit Optimization | Checksum: e8e67f43

Time (s): cpu = 00:04:18 ; elapsed = 00:02:37 . Memory (MB): peak = 2813.422 ; gain = 0.000 ; free physical = 1394 ; free virtual = 5569

Phase 4.2 Post Placement Cleanup
Phase 4.2 Post Placement Cleanup | Checksum: e8e67f43

Time (s): cpu = 00:04:19 ; elapsed = 00:02:38 . Memory (MB): peak = 2813.422 ; gain = 0.000 ; free physical = 1395 ; free virtual = 5570

Phase 4.3 Placer Reporting
Phase 4.3 Placer Reporting | Checksum: e8e67f43

Time (s): cpu = 00:04:19 ; elapsed = 00:02:39 . Memory (MB): peak = 2813.422 ; gain = 0.000 ; free physical = 1396 ; free virtual = 5571

Phase 4.4 Final Placement Cleanup
Netlist sorting complete. Time (s): cpu = 00:00:00.02 ; elapsed = 00:00:00.01 . Memory (MB): peak = 2813.422 ; gain = 0.000 ; free physical = 1396 ; free virtual = 5571
Phase 4.4 Final Placement Cleanup | Checksum: 19dfab6a7

Time (s): cpu = 00:04:20 ; elapsed = 00:02:39 . Memory (MB): peak = 2813.422 ; gain = 0.000 ; free physical = 1396 ; free virtual = 5571
Phase 4 Post Placement Optimization and Clean-Up | Checksum: 19dfab6a7

Time (s): cpu = 00:04:20 ; elapsed = 00:02:40 . Memory (MB): peak = 2813.422 ; gain = 0.000 ; free physical = 1396 ; free virtual = 5571
Ending Placer Task | Checksum: e2784edc

Time (s): cpu = 00:04:21 ; elapsed = 00:02:40 . Memory (MB): peak = 2813.422 ; gain = 0.000 ; free physical = 1440 ; free virtual = 5615
INFO: [Common 17-83] Releasing license: Implementation
82 Infos, 100 Warnings, 0 Critical Warnings and 0 Errors encountered.
place_design completed successfully
place_design: Time (s): cpu = 00:04:26 ; elapsed = 00:02:43 . Memory (MB): peak = 2813.422 ; gain = 0.000 ; free physical = 1440 ; free virtual = 5615
INFO: [Common 17-600] The following parameters have non-default value.
general.maxThreads
Netlist sorting complete. Time (s): cpu = 00:00:00.01 ; elapsed = 00:00:00.01 . Memory (MB): peak = 2813.422 ; gain = 0.000 ; free physical = 1440 ; free virtual = 5615
INFO: [Timing 38-480] Writing timing data to binary archive.
Writing placer database...
Netlist sorting complete. Time (s): cpu = 00:00:00.03 ; elapsed = 00:00:00.01 . Memory (MB): peak = 2813.422 ; gain = 0.000 ; free physical = 1408 ; free virtual = 5602
Writing XDEF routing.
Writing XDEF routing logical nets.
Writing XDEF routing special nets.
Write XDEF Complete: Time (s): cpu = 00:00:12 ; elapsed = 00:00:04 . Memory (MB): peak = 2813.422 ; gain = 0.000 ; free physical = 1350 ; free virtual = 5592
INFO: [Common 17-1381] The checkpoint '/home/nachiket/ece327-s22/labs/jlmrocze-lab4/overlay/tutorial/tutorial.runs/impl_1/tutorial_wrapper_placed.dcp' has been generated.
write_checkpoint: Time (s): cpu = 00:00:26 ; elapsed = 00:00:20 . Memory (MB): peak = 2813.422 ; gain = 0.000 ; free physical = 1409 ; free virtual = 5601
INFO: [runtcl-4] Executing : report_io -file tutorial_wrapper_io_placed.rpt
report_io: Time (s): cpu = 00:00:00.22 ; elapsed = 00:00:00.32 . Memory (MB): peak = 2813.422 ; gain = 0.000 ; free physical = 1400 ; free virtual = 5592
INFO: [runtcl-4] Executing : report_utilization -file tutorial_wrapper_utilization_placed.rpt -pb tutorial_wrapper_utilization_placed.pb
INFO: [runtcl-4] Executing : report_control_sets -verbose -file tutorial_wrapper_control_sets_placed.rpt
report_control_sets: Time (s): cpu = 00:00:00.40 ; elapsed = 00:00:00.50 . Memory (MB): peak = 2813.422 ; gain = 0.000 ; free physical = 1407 ; free virtual = 5600
Command: phys_opt_design
Attempting to get a license for feature 'Implementation' and/or device 'xc7z020'
INFO: [Common 17-349] Got license for feature 'Implementation' and/or device 'xc7z020'
INFO: [Vivado_Tcl 4-383] Design worst setup slack (WNS) is greater than or equal to 0.250 ns. Skipping all physical synthesis optimizations.
INFO: [Vivado_Tcl 4-232] No setup violation found. The netlist was not modified.
INFO: [Common 17-83] Releasing license: Implementation
92 Infos, 100 Warnings, 0 Critical Warnings and 0 Errors encountered.
phys_opt_design completed successfully
phys_opt_design: Time (s): cpu = 00:00:24 ; elapsed = 00:00:08 . Memory (MB): peak = 2813.422 ; gain = 0.000 ; free physical = 1379 ; free virtual = 5571
INFO: [Common 17-600] The following parameters have non-default value.
general.maxThreads
Netlist sorting complete. Time (s): cpu = 00:00:00.02 ; elapsed = 00:00:00.01 . Memory (MB): peak = 2813.422 ; gain = 0.000 ; free physical = 1379 ; free virtual = 5571
INFO: [Timing 38-480] Writing timing data to binary archive.
Writing placer database...
Netlist sorting complete. Time (s): cpu = 00:00:00.07 ; elapsed = 00:00:00.02 . Memory (MB): peak = 2813.422 ; gain = 0.000 ; free physical = 1346 ; free virtual = 5557
Writing XDEF routing.
Writing XDEF routing logical nets.
Writing XDEF routing special nets.
Write XDEF Complete: Time (s): cpu = 00:00:13 ; elapsed = 00:00:04 . Memory (MB): peak = 2813.422 ; gain = 0.000 ; free physical = 1292 ; free virtual = 5551
INFO: [Common 17-1381] The checkpoint '/home/nachiket/ece327-s22/labs/jlmrocze-lab4/overlay/tutorial/tutorial.runs/impl_1/tutorial_wrapper_physopt.dcp' has been generated.
write_checkpoint: Time (s): cpu = 00:00:30 ; elapsed = 00:00:23 . Memory (MB): peak = 2813.422 ; gain = 0.000 ; free physical = 1353 ; free virtual = 5563
Command: route_design
Attempting to get a license for feature 'Implementation' and/or device 'xc7z020'
INFO: [Common 17-349] Got license for feature 'Implementation' and/or device 'xc7z020'
Running DRC as a precondition to command route_design
INFO: [DRC 23-27] Running DRC with 4 threads
WARNING: [Designutils 20-3303] unexpected site type 'IOPAD' in HDPYFinalizeIO
WARNING: [Designutils 20-3303] unexpected site type 'IOPAD' in HDPYFinalizeIO
WARNING: [Designutils 20-3303] unexpected site type 'IOPAD' in HDPYFinalizeIO
WARNING: [Designutils 20-3303] unexpected site type 'IOPAD' in HDPYFinalizeIO
WARNING: [Designutils 20-3303] unexpected site type 'IOPAD' in HDPYFinalizeIO
WARNING: [Designutils 20-3303] unexpected site type 'IOPAD' in HDPYFinalizeIO
WARNING: [Designutils 20-3303] unexpected site type 'IOPAD' in HDPYFinalizeIO
WARNING: [Designutils 20-3303] unexpected site type 'IOPAD' in HDPYFinalizeIO
WARNING: [Designutils 20-3303] unexpected site type 'IOPAD' in HDPYFinalizeIO
WARNING: [Designutils 20-3303] unexpected site type 'IOPAD' in HDPYFinalizeIO
WARNING: [Designutils 20-3303] unexpected site type 'IOPAD' in HDPYFinalizeIO
WARNING: [Designutils 20-3303] unexpected site type 'IOPAD' in HDPYFinalizeIO
WARNING: [Designutils 20-3303] unexpected site type 'IOPAD' in HDPYFinalizeIO
WARNING: [Designutils 20-3303] unexpected site type 'IOPAD' in HDPYFinalizeIO
WARNING: [Designutils 20-3303] unexpected site type 'IOPAD' in HDPYFinalizeIO
WARNING: [Designutils 20-3303] unexpected site type 'IOPAD' in HDPYFinalizeIO
WARNING: [Designutils 20-3303] unexpected site type 'IOPAD' in HDPYFinalizeIO
WARNING: [Designutils 20-3303] unexpected site type 'IOPAD' in HDPYFinalizeIO
WARNING: [Designutils 20-3303] unexpected site type 'IOPAD' in HDPYFinalizeIO
WARNING: [Designutils 20-3303] unexpected site type 'IOPAD' in HDPYFinalizeIO
WARNING: [Designutils 20-3303] unexpected site type 'IOPAD' in HDPYFinalizeIO
WARNING: [Designutils 20-3303] unexpected site type 'IOPAD' in HDPYFinalizeIO
WARNING: [Designutils 20-3303] unexpected site type 'IOPAD' in HDPYFinalizeIO
WARNING: [Designutils 20-3303] unexpected site type 'IOPAD' in HDPYFinalizeIO
WARNING: [Designutils 20-3303] unexpected site type 'IOPAD' in HDPYFinalizeIO
WARNING: [Designutils 20-3303] unexpected site type 'IOPAD' in HDPYFinalizeIO
WARNING: [Designutils 20-3303] unexpected site type 'IOPAD' in HDPYFinalizeIO
WARNING: [Designutils 20-3303] unexpected site type 'IOPAD' in HDPYFinalizeIO
WARNING: [Designutils 20-3303] unexpected site type 'IOPAD' in HDPYFinalizeIO
WARNING: [Designutils 20-3303] unexpected site type 'IOPAD' in HDPYFinalizeIO
WARNING: [Designutils 20-3303] unexpected site type 'IOPAD' in HDPYFinalizeIO
WARNING: [Designutils 20-3303] unexpected site type 'IOPAD' in HDPYFinalizeIO
WARNING: [Designutils 20-3303] unexpected site type 'IOPAD' in HDPYFinalizeIO
WARNING: [Designutils 20-3303] unexpected site type 'IOPAD' in HDPYFinalizeIO
WARNING: [Designutils 20-3303] unexpected site type 'IOPAD' in HDPYFinalizeIO
WARNING: [Designutils 20-3303] unexpected site type 'IOPAD' in HDPYFinalizeIO
WARNING: [Designutils 20-3303] unexpected site type 'IOPAD' in HDPYFinalizeIO
WARNING: [Designutils 20-3303] unexpected site type 'IOPAD' in HDPYFinalizeIO
WARNING: [Designutils 20-3303] unexpected site type 'IOPAD' in HDPYFinalizeIO
WARNING: [Designutils 20-3303] unexpected site type 'IOPAD' in HDPYFinalizeIO
WARNING: [Designutils 20-3303] unexpected site type 'IOPAD' in HDPYFinalizeIO
WARNING: [Designutils 20-3303] unexpected site type 'IOPAD' in HDPYFinalizeIO
WARNING: [Designutils 20-3303] unexpected site type 'IOPAD' in HDPYFinalizeIO
WARNING: [Designutils 20-3303] unexpected site type 'IOPAD' in HDPYFinalizeIO
WARNING: [Designutils 20-3303] unexpected site type 'IOPAD' in HDPYFinalizeIO
WARNING: [Designutils 20-3303] unexpected site type 'IOPAD' in HDPYFinalizeIO
WARNING: [Designutils 20-3303] unexpected site type 'IOPAD' in HDPYFinalizeIO
WARNING: [Designutils 20-3303] unexpected site type 'IOPAD' in HDPYFinalizeIO
WARNING: [Designutils 20-3303] unexpected site type 'IOPAD' in HDPYFinalizeIO
WARNING: [Designutils 20-3303] unexpected site type 'IOPAD' in HDPYFinalizeIO
WARNING: [Designutils 20-3303] unexpected site type 'IOPAD' in HDPYFinalizeIO
WARNING: [Designutils 20-3303] unexpected site type 'IOPAD' in HDPYFinalizeIO
WARNING: [Designutils 20-3303] unexpected site type 'IOPAD' in HDPYFinalizeIO
WARNING: [Designutils 20-3303] unexpected site type 'IOPAD' in HDPYFinalizeIO
WARNING: [Designutils 20-3303] unexpected site type 'IOPAD' in HDPYFinalizeIO
WARNING: [Designutils 20-3303] unexpected site type 'IOPAD' in HDPYFinalizeIO
WARNING: [Designutils 20-3303] unexpected site type 'IOPAD' in HDPYFinalizeIO
WARNING: [Designutils 20-3303] unexpected site type 'IOPAD' in HDPYFinalizeIO
WARNING: [Designutils 20-3303] unexpected site type 'IOPAD' in HDPYFinalizeIO
WARNING: [Designutils 20-3303] unexpected site type 'IOPAD' in HDPYFinalizeIO
WARNING: [Designutils 20-3303] unexpected site type 'IOPAD' in HDPYFinalizeIO
WARNING: [Designutils 20-3303] unexpected site type 'IOPAD' in HDPYFinalizeIO
WARNING: [Designutils 20-3303] unexpected site type 'IOPAD' in HDPYFinalizeIO
WARNING: [Designutils 20-3303] unexpected site type 'IOPAD' in HDPYFinalizeIO
WARNING: [Designutils 20-3303] unexpected site type 'IOPAD' in HDPYFinalizeIO
WARNING: [Designutils 20-3303] unexpected site type 'IOPAD' in HDPYFinalizeIO
WARNING: [Designutils 20-3303] unexpected site type 'IOPAD' in HDPYFinalizeIO
WARNING: [Designutils 20-3303] unexpected site type 'IOPAD' in HDPYFinalizeIO
WARNING: [Designutils 20-3303] unexpected site type 'IOPAD' in HDPYFinalizeIO
WARNING: [Designutils 20-3303] unexpected site type 'IOPAD' in HDPYFinalizeIO
WARNING: [Designutils 20-3303] unexpected site type 'IOPAD' in HDPYFinalizeIO
WARNING: [Designutils 20-3303] unexpected site type 'IOPAD' in HDPYFinalizeIO
WARNING: [Designutils 20-3303] unexpected site type 'IOPAD' in HDPYFinalizeIO
WARNING: [Designutils 20-3303] unexpected site type 'IOPAD' in HDPYFinalizeIO
WARNING: [Designutils 20-3303] unexpected site type 'IOPAD' in HDPYFinalizeIO
WARNING: [Designutils 20-3303] unexpected site type 'IOPAD' in HDPYFinalizeIO
WARNING: [Designutils 20-3303] unexpected site type 'IOPAD' in HDPYFinalizeIO
WARNING: [Designutils 20-3303] unexpected site type 'IOPAD' in HDPYFinalizeIO
WARNING: [Designutils 20-3303] unexpected site type 'IOPAD' in HDPYFinalizeIO
WARNING: [Designutils 20-3303] unexpected site type 'IOPAD' in HDPYFinalizeIO
WARNING: [Designutils 20-3303] unexpected site type 'IOPAD' in HDPYFinalizeIO
WARNING: [Designutils 20-3303] unexpected site type 'IOPAD' in HDPYFinalizeIO
WARNING: [Designutils 20-3303] unexpected site type 'IOPAD' in HDPYFinalizeIO
WARNING: [Designutils 20-3303] unexpected site type 'IOPAD' in HDPYFinalizeIO
WARNING: [Designutils 20-3303] unexpected site type 'IOPAD' in HDPYFinalizeIO
WARNING: [Designutils 20-3303] unexpected site type 'IOPAD' in HDPYFinalizeIO
WARNING: [Designutils 20-3303] unexpected site type 'IOPAD' in HDPYFinalizeIO
WARNING: [Designutils 20-3303] unexpected site type 'IOPAD' in HDPYFinalizeIO
WARNING: [Designutils 20-3303] unexpected site type 'IOPAD' in HDPYFinalizeIO
WARNING: [Designutils 20-3303] unexpected site type 'IOPAD' in HDPYFinalizeIO
WARNING: [Designutils 20-3303] unexpected site type 'IOPAD' in HDPYFinalizeIO
WARNING: [Designutils 20-3303] unexpected site type 'IOPAD' in HDPYFinalizeIO
WARNING: [Designutils 20-3303] unexpected site type 'IOPAD' in HDPYFinalizeIO
WARNING: [Designutils 20-3303] unexpected site type 'IOPAD' in HDPYFinalizeIO
WARNING: [Designutils 20-3303] unexpected site type 'IOPAD' in HDPYFinalizeIO
WARNING: [Designutils 20-3303] unexpected site type 'IOPAD' in HDPYFinalizeIO
WARNING: [Designutils 20-3303] unexpected site type 'IOPAD' in HDPYFinalizeIO
WARNING: [Designutils 20-3303] unexpected site type 'IOPAD' in HDPYFinalizeIO
WARNING: [Designutils 20-3303] unexpected site type 'IOPAD' in HDPYFinalizeIO
WARNING: [Designutils 20-3303] unexpected site type 'IOPAD' in HDPYFinalizeIO
INFO: [Common 17-14] Message 'Designutils 20-3303' appears 100 times and further instances of the messages will be disabled. Use the Tcl command set_msg_config to change the current settings.
INFO: [Vivado_Tcl 4-198] DRC finished with 0 Errors
INFO: [Vivado_Tcl 4-199] Please refer to the DRC report (report_drc) for more information.


Starting Routing Task
INFO: [Route 35-254] Multithreading enabled for route_design using a maximum of 4 CPUs
Checksum: PlaceDB: 7425daa ConstDB: 0 ShapeSum: db35f132 RouteDB: 0

Phase 1 Build RT Design
Phase 1 Build RT Design | Checksum: 1bdf3813

Time (s): cpu = 00:00:45 ; elapsed = 00:00:30 . Memory (MB): peak = 2813.422 ; gain = 0.000 ; free physical = 1180 ; free virtual = 5390
Post Restoration Checksum: NetGraph: c687264 NumContArr: f76c5af Constraints: 0 Timing: 0

Phase 2 Router Initialization

Phase 2.1 Create Timer
Phase 2.1 Create Timer | Checksum: 1bdf3813

Time (s): cpu = 00:00:45 ; elapsed = 00:00:31 . Memory (MB): peak = 2813.422 ; gain = 0.000 ; free physical = 1184 ; free virtual = 5394

Phase 2.2 Fix Topology Constraints
Phase 2.2 Fix Topology Constraints | Checksum: 1bdf3813

Time (s): cpu = 00:00:46 ; elapsed = 00:00:31 . Memory (MB): peak = 2813.422 ; gain = 0.000 ; free physical = 1166 ; free virtual = 5376

Phase 2.3 Pre Route Cleanup
Phase 2.3 Pre Route Cleanup | Checksum: 1bdf3813

Time (s): cpu = 00:00:46 ; elapsed = 00:00:32 . Memory (MB): peak = 2813.422 ; gain = 0.000 ; free physical = 1166 ; free virtual = 5376
 Number of Nodes with overlaps = 0

Phase 2.4 Update Timing
Phase 2.4 Update Timing | Checksum: 1466dd2d1

Time (s): cpu = 00:01:16 ; elapsed = 00:00:46 . Memory (MB): peak = 2813.422 ; gain = 0.000 ; free physical = 1138 ; free virtual = 5348
INFO: [Route 35-416] Intermediate Timing Summary | WNS=0.848  | TNS=0.000  | WHS=-0.287 | THS=-407.419|

Phase 2 Router Initialization | Checksum: 1fc3976c1

Time (s): cpu = 00:01:31 ; elapsed = 00:00:52 . Memory (MB): peak = 2813.422 ; gain = 0.000 ; free physical = 1132 ; free virtual = 5341

Phase 3 Initial Routing
Phase 3 Initial Routing | Checksum: 23db88016

Time (s): cpu = 00:01:51 ; elapsed = 00:01:02 . Memory (MB): peak = 2834.086 ; gain = 20.664 ; free physical = 1108 ; free virtual = 5318

Phase 4 Rip-up And Reroute

Phase 4.1 Global Iteration 0
 Number of Nodes with overlaps = 10209
 Number of Nodes with overlaps = 2201
 Number of Nodes with overlaps = 478
 Number of Nodes with overlaps = 106
 Number of Nodes with overlaps = 35
 Number of Nodes with overlaps = 6
 Number of Nodes with overlaps = 2
 Number of Nodes with overlaps = 0
INFO: [Route 35-416] Intermediate Timing Summary | WNS=0.338  | TNS=0.000  | WHS=N/A    | THS=N/A    |

Phase 4.1 Global Iteration 0 | Checksum: f35cdc8b

Time (s): cpu = 00:03:55 ; elapsed = 00:01:51 . Memory (MB): peak = 2834.086 ; gain = 20.664 ; free physical = 1118 ; free virtual = 5327

Phase 4.2 Global Iteration 1
 Number of Nodes with overlaps = 0
INFO: [Route 35-416] Intermediate Timing Summary | WNS=0.338  | TNS=0.000  | WHS=N/A    | THS=N/A    |

Phase 4.2 Global Iteration 1 | Checksum: 1306b8b21

Time (s): cpu = 00:03:56 ; elapsed = 00:01:53 . Memory (MB): peak = 2834.086 ; gain = 20.664 ; free physical = 1118 ; free virtual = 5328
Phase 4 Rip-up And Reroute | Checksum: 1306b8b21

Time (s): cpu = 00:03:56 ; elapsed = 00:01:53 . Memory (MB): peak = 2834.086 ; gain = 20.664 ; free physical = 1118 ; free virtual = 5328

Phase 5 Delay and Skew Optimization

Phase 5.1 Delay CleanUp

Phase 5.1.1 Update Timing
Phase 5.1.1 Update Timing | Checksum: d949f314

Time (s): cpu = 00:04:00 ; elapsed = 00:01:54 . Memory (MB): peak = 2834.086 ; gain = 20.664 ; free physical = 1118 ; free virtual = 5328
INFO: [Route 35-416] Intermediate Timing Summary | WNS=0.352  | TNS=0.000  | WHS=N/A    | THS=N/A    |

Phase 5.1 Delay CleanUp | Checksum: d949f314

Time (s): cpu = 00:04:00 ; elapsed = 00:01:54 . Memory (MB): peak = 2834.086 ; gain = 20.664 ; free physical = 1118 ; free virtual = 5328

Phase 5.2 Clock Skew Optimization
Phase 5.2 Clock Skew Optimization | Checksum: d949f314

Time (s): cpu = 00:04:00 ; elapsed = 00:01:54 . Memory (MB): peak = 2834.086 ; gain = 20.664 ; free physical = 1118 ; free virtual = 5328
Phase 5 Delay and Skew Optimization | Checksum: d949f314

Time (s): cpu = 00:04:00 ; elapsed = 00:01:55 . Memory (MB): peak = 2834.086 ; gain = 20.664 ; free physical = 1118 ; free virtual = 5328

Phase 6 Post Hold Fix

Phase 6.1 Hold Fix Iter

Phase 6.1.1 Update Timing
Phase 6.1.1 Update Timing | Checksum: 1839a5ce4

Time (s): cpu = 00:04:04 ; elapsed = 00:01:56 . Memory (MB): peak = 2834.086 ; gain = 20.664 ; free physical = 1119 ; free virtual = 5328
INFO: [Route 35-416] Intermediate Timing Summary | WNS=0.352  | TNS=0.000  | WHS=0.016  | THS=0.000  |

Phase 6.1 Hold Fix Iter | Checksum: 12458e7ae

Time (s): cpu = 00:04:05 ; elapsed = 00:01:57 . Memory (MB): peak = 2834.086 ; gain = 20.664 ; free physical = 1119 ; free virtual = 5328
Phase 6 Post Hold Fix | Checksum: 12458e7ae

Time (s): cpu = 00:04:05 ; elapsed = 00:01:57 . Memory (MB): peak = 2834.086 ; gain = 20.664 ; free physical = 1119 ; free virtual = 5328

Phase 7 Route finalize

Router Utilization Summary
  Global Vertical Routing Utilization    = 8.05799 %
  Global Horizontal Routing Utilization  = 10.326 %
  Routable Net Status*
  *Does not include unroutable nets such as driverless and loadless.
  Run report_route_status for detailed report.
  Number of Failed Nets               = 0
  Number of Unrouted Nets             = 0
  Number of Partially Routed Nets     = 0
  Number of Node Overlaps             = 0

Phase 7 Route finalize | Checksum: 148c03a54

Time (s): cpu = 00:04:05 ; elapsed = 00:01:57 . Memory (MB): peak = 2834.086 ; gain = 20.664 ; free physical = 1119 ; free virtual = 5328

Phase 8 Verifying routed nets

 Verification completed successfully
Phase 8 Verifying routed nets | Checksum: 148c03a54

Time (s): cpu = 00:04:06 ; elapsed = 00:01:57 . Memory (MB): peak = 2834.086 ; gain = 20.664 ; free physical = 1118 ; free virtual = 5328

Phase 9 Depositing Routes
Phase 9 Depositing Routes | Checksum: 1efbc81ea

Time (s): cpu = 00:04:11 ; elapsed = 00:02:03 . Memory (MB): peak = 2834.086 ; gain = 20.664 ; free physical = 1121 ; free virtual = 5331

Phase 10 Post Router Timing
INFO: [Route 35-57] Estimated Timing Summary | WNS=0.352  | TNS=0.000  | WHS=0.016  | THS=0.000  |

INFO: [Route 35-327] The final timing numbers are based on the router estimated timing analysis. For a complete and accurate timing signoff, please run report_timing_summary.
Phase 10 Post Router Timing | Checksum: 1efbc81ea

Time (s): cpu = 00:04:11 ; elapsed = 00:02:03 . Memory (MB): peak = 2834.086 ; gain = 20.664 ; free physical = 1121 ; free virtual = 5331
INFO: [Route 35-16] Router Completed Successfully

Time (s): cpu = 00:04:11 ; elapsed = 00:02:03 . Memory (MB): peak = 2834.086 ; gain = 20.664 ; free physical = 1154 ; free virtual = 5364

Routing Is Done.
INFO: [Common 17-83] Releasing license: Implementation
110 Infos, 200 Warnings, 0 Critical Warnings and 0 Errors encountered.
route_design completed successfully
route_design: Time (s): cpu = 00:04:20 ; elapsed = 00:02:07 . Memory (MB): peak = 2836.281 ; gain = 22.859 ; free physical = 1153 ; free virtual = 5363
INFO: [Common 17-600] The following parameters have non-default value.
general.maxThreads
Netlist sorting complete. Time (s): cpu = 00:00:00 ; elapsed = 00:00:00 . Memory (MB): peak = 2836.281 ; gain = 0.000 ; free physical = 1156 ; free virtual = 5366
INFO: [Timing 38-480] Writing timing data to binary archive.
Writing placer database...
Netlist sorting complete. Time (s): cpu = 00:00:00.07 ; elapsed = 00:00:00.02 . Memory (MB): peak = 2836.281 ; gain = 0.000 ; free physical = 1127 ; free virtual = 5355
Writing XDEF routing.
Writing XDEF routing logical nets.
Writing XDEF routing special nets.
Write XDEF Complete: Time (s): cpu = 00:00:13 ; elapsed = 00:00:05 . Memory (MB): peak = 2836.281 ; gain = 0.000 ; free physical = 1057 ; free virtual = 5349
INFO: [Common 17-1381] The checkpoint '/home/nachiket/ece327-s22/labs/jlmrocze-lab4/overlay/tutorial/tutorial.runs/impl_1/tutorial_wrapper_routed.dcp' has been generated.
write_checkpoint: Time (s): cpu = 00:00:27 ; elapsed = 00:00:20 . Memory (MB): peak = 2836.281 ; gain = 0.000 ; free physical = 1126 ; free virtual = 5357
INFO: [runtcl-4] Executing : report_drc -file tutorial_wrapper_drc_routed.rpt -pb tutorial_wrapper_drc_routed.pb -rpx tutorial_wrapper_drc_routed.rpx
Command: report_drc -file tutorial_wrapper_drc_routed.rpt -pb tutorial_wrapper_drc_routed.pb -rpx tutorial_wrapper_drc_routed.rpx
INFO: [IP_Flow 19-1839] IP Catalog is up to date.
INFO: [DRC 23-27] Running DRC with 4 threads
INFO: [Coretcl 2-168] The results of DRC are in file /home/nachiket/ece327-s22/labs/jlmrocze-lab4/overlay/tutorial/tutorial.runs/impl_1/tutorial_wrapper_drc_routed.rpt.
report_drc completed successfully
report_drc: Time (s): cpu = 00:00:20 ; elapsed = 00:00:06 . Memory (MB): peak = 2860.215 ; gain = 23.934 ; free physical = 1100 ; free virtual = 5331
INFO: [runtcl-4] Executing : report_methodology -file tutorial_wrapper_methodology_drc_routed.rpt -pb tutorial_wrapper_methodology_drc_routed.pb -rpx tutorial_wrapper_methodology_drc_routed.rpx
Command: report_methodology -file tutorial_wrapper_methodology_drc_routed.rpt -pb tutorial_wrapper_methodology_drc_routed.pb -rpx tutorial_wrapper_methodology_drc_routed.rpx
INFO: [Timing 38-35] Done setting XDC timing constraints.
INFO: [DRC 23-133] Running Methodology with 4 threads
INFO: [Coretcl 2-1520] The results of Report Methodology are in file /home/nachiket/ece327-s22/labs/jlmrocze-lab4/overlay/tutorial/tutorial.runs/impl_1/tutorial_wrapper_methodology_drc_routed.rpt.
report_methodology completed successfully
report_methodology: Time (s): cpu = 00:00:51 ; elapsed = 00:00:19 . Memory (MB): peak = 2942.203 ; gain = 81.988 ; free physical = 921 ; free virtual = 5152
INFO: [runtcl-4] Executing : report_power -file tutorial_wrapper_power_routed.rpt -pb tutorial_wrapper_power_summary_routed.pb -rpx tutorial_wrapper_power_routed.rpx
Command: report_power -file tutorial_wrapper_power_routed.rpt -pb tutorial_wrapper_power_summary_routed.pb -rpx tutorial_wrapper_power_routed.rpx
INFO: [Timing 38-35] Done setting XDC timing constraints.
Running Vector-less Activity Propagation...

Finished Running Vector-less Activity Propagation
WARNING: [Power 33-332] Found switching activity that implies high-fanout reset nets being asserted for excessive periods of time which may result in inaccurate power analysis.
Resolution: To review and fix problems, please run Power Constraints Advisor in the GUI from Tools > Power Constraints Advisor or run report_power with the -advisory option to generate a text report.
123 Infos, 201 Warnings, 0 Critical Warnings and 0 Errors encountered.
report_power completed successfully
report_power: Time (s): cpu = 00:00:33 ; elapsed = 00:00:15 . Memory (MB): peak = 3038.012 ; gain = 95.809 ; free physical = 843 ; free virtual = 5084
INFO: [runtcl-4] Executing : report_route_status -file tutorial_wrapper_route_status.rpt -pb tutorial_wrapper_route_status.pb
INFO: [runtcl-4] Executing : report_timing_summary -max_paths 10 -file tutorial_wrapper_timing_summary_routed.rpt -pb tutorial_wrapper_timing_summary_routed.pb -rpx tutorial_wrapper_timing_summary_routed.rpx -warn_on_violation 
INFO: [Timing 38-91] UpdateTimingParams: Speed grade: -1, Delay Type: min_max.
INFO: [Timing 38-191] Multithreading enabled for timing update using a maximum of 4 CPUs
INFO: [runtcl-4] Executing : report_incremental_reuse -file tutorial_wrapper_incremental_reuse_routed.rpt
INFO: [Vivado_Tcl 4-1062] Incremental flow is disabled. No incremental reuse Info to report.
INFO: [runtcl-4] Executing : report_clock_utilization -file tutorial_wrapper_clock_utilization_routed.rpt
INFO: [runtcl-4] Executing : report_bus_skew -warn_on_violation -file tutorial_wrapper_bus_skew_routed.rpt -pb tutorial_wrapper_bus_skew_routed.pb -rpx tutorial_wrapper_bus_skew_routed.rpx
INFO: [Timing 38-91] UpdateTimingParams: Speed grade: -1, Delay Type: min_max.
INFO: [Timing 38-191] Multithreading enabled for timing update using a maximum of 4 CPUs
INFO: [Memdata 28-167] Found XPM memory block tutorial_i/mm_eval/axi_dma/U0/I_PRMRY_DATAMOVER/GEN_S2MM_FULL.I_S2MM_FULL_WRAPPER/GEN_ENABLE_INDET_BTT_SF.I_INDET_BTT/I_XD_FIFO/NON_BLK_MEM.I_SYNC_FIFOGEN_FIFO/xpm_fifo_instance.xpm_fifo_sync_inst/xpm_fifo_base_inst/gen_sdpram.xpm_memory_base_inst with a P_MEMORY_PRIMITIVE property set to auto. A value of block is required. You will not be able to use the updatemem program to update the bitstream with new data for the tutorial_i/mm_eval/axi_dma/U0/I_PRMRY_DATAMOVER/GEN_S2MM_FULL.I_S2MM_FULL_WRAPPER/GEN_ENABLE_INDET_BTT_SF.I_INDET_BTT/I_XD_FIFO/NON_BLK_MEM.I_SYNC_FIFOGEN_FIFO/xpm_fifo_instance.xpm_fifo_sync_inst/xpm_fifo_base_inst/gen_sdpram.xpm_memory_base_inst block.
INFO: [Memdata 28-208] The XPM instance: <tutorial_i/mm_eval/axi_dma/U0/I_PRMRY_DATAMOVER/GEN_S2MM_FULL.I_S2MM_FULL_WRAPPER/GEN_ENABLE_INDET_BTT_SF.I_INDET_BTT/I_DATA_FIFO/BLK_MEM.I_SYNC_FIFOGEN_FIFO/xpm_fifo_instance.xpm_fifo_sync_inst/xpm_fifo_base_inst/gen_sdpram.xpm_memory_base_inst> is part of IP: <tutorial_i/mm_eval/axi_dma>. This XPM instance will be excluded from the .mmi because updatemem is prohibited from making changes to an XPM that is part of an IP.
INFO: [Memdata 28-208] The XPM instance: <tutorial_i/mm_eval/axi_dma/U0/I_PRMRY_DATAMOVER/GEN_MM2S_FULL.I_MM2S_FULL_WRAPPER/GEN_INCLUDE_MM2S_SF.I_RD_SF/I_DATA_FIFO/BLK_MEM.I_SYNC_FIFOGEN_FIFO/xpm_fifo_instance.xpm_fifo_sync_inst/xpm_fifo_base_inst/gen_sdpram.xpm_memory_base_inst> is part of IP: <tutorial_i/mm_eval/axi_dma>. This XPM instance will be excluded from the .mmi because updatemem is prohibited from making changes to an XPM that is part of an IP.
Command: write_bitstream -force tutorial_wrapper.bit
Attempting to get a license for feature 'Implementation' and/or device 'xc7z020'
INFO: [Common 17-349] Got license for feature 'Implementation' and/or device 'xc7z020'
Running DRC as a precondition to command write_bitstream
INFO: [IP_Flow 19-1839] IP Catalog is up to date.
INFO: [DRC 23-27] Running DRC with 4 threads
WARNING: [Designutils 20-3303] unexpected site type 'IOPAD' in HDPYFinalizeIO
WARNING: [Designutils 20-3303] unexpected site type 'IOPAD' in HDPYFinalizeIO
WARNING: [Designutils 20-3303] unexpected site type 'IOPAD' in HDPYFinalizeIO
WARNING: [Designutils 20-3303] unexpected site type 'IOPAD' in HDPYFinalizeIO
WARNING: [Designutils 20-3303] unexpected site type 'IOPAD' in HDPYFinalizeIO
WARNING: [Designutils 20-3303] unexpected site type 'IOPAD' in HDPYFinalizeIO
WARNING: [Designutils 20-3303] unexpected site type 'IOPAD' in HDPYFinalizeIO
WARNING: [Designutils 20-3303] unexpected site type 'IOPAD' in HDPYFinalizeIO
WARNING: [Designutils 20-3303] unexpected site type 'IOPAD' in HDPYFinalizeIO
WARNING: [Designutils 20-3303] unexpected site type 'IOPAD' in HDPYFinalizeIO
WARNING: [Designutils 20-3303] unexpected site type 'IOPAD' in HDPYFinalizeIO
WARNING: [Designutils 20-3303] unexpected site type 'IOPAD' in HDPYFinalizeIO
WARNING: [Designutils 20-3303] unexpected site type 'IOPAD' in HDPYFinalizeIO
WARNING: [Designutils 20-3303] unexpected site type 'IOPAD' in HDPYFinalizeIO
WARNING: [Designutils 20-3303] unexpected site type 'IOPAD' in HDPYFinalizeIO
WARNING: [Designutils 20-3303] unexpected site type 'IOPAD' in HDPYFinalizeIO
WARNING: [Designutils 20-3303] unexpected site type 'IOPAD' in HDPYFinalizeIO
WARNING: [Designutils 20-3303] unexpected site type 'IOPAD' in HDPYFinalizeIO
WARNING: [Designutils 20-3303] unexpected site type 'IOPAD' in HDPYFinalizeIO
WARNING: [Designutils 20-3303] unexpected site type 'IOPAD' in HDPYFinalizeIO
WARNING: [Designutils 20-3303] unexpected site type 'IOPAD' in HDPYFinalizeIO
WARNING: [Designutils 20-3303] unexpected site type 'IOPAD' in HDPYFinalizeIO
WARNING: [Designutils 20-3303] unexpected site type 'IOPAD' in HDPYFinalizeIO
WARNING: [Designutils 20-3303] unexpected site type 'IOPAD' in HDPYFinalizeIO
WARNING: [Designutils 20-3303] unexpected site type 'IOPAD' in HDPYFinalizeIO
WARNING: [Designutils 20-3303] unexpected site type 'IOPAD' in HDPYFinalizeIO
WARNING: [Designutils 20-3303] unexpected site type 'IOPAD' in HDPYFinalizeIO
WARNING: [Designutils 20-3303] unexpected site type 'IOPAD' in HDPYFinalizeIO
WARNING: [Designutils 20-3303] unexpected site type 'IOPAD' in HDPYFinalizeIO
WARNING: [Designutils 20-3303] unexpected site type 'IOPAD' in HDPYFinalizeIO
WARNING: [Designutils 20-3303] unexpected site type 'IOPAD' in HDPYFinalizeIO
WARNING: [Designutils 20-3303] unexpected site type 'IOPAD' in HDPYFinalizeIO
WARNING: [Designutils 20-3303] unexpected site type 'IOPAD' in HDPYFinalizeIO
WARNING: [Designutils 20-3303] unexpected site type 'IOPAD' in HDPYFinalizeIO
WARNING: [Designutils 20-3303] unexpected site type 'IOPAD' in HDPYFinalizeIO
WARNING: [Designutils 20-3303] unexpected site type 'IOPAD' in HDPYFinalizeIO
WARNING: [Designutils 20-3303] unexpected site type 'IOPAD' in HDPYFinalizeIO
WARNING: [Designutils 20-3303] unexpected site type 'IOPAD' in HDPYFinalizeIO
WARNING: [Designutils 20-3303] unexpected site type 'IOPAD' in HDPYFinalizeIO
WARNING: [Designutils 20-3303] unexpected site type 'IOPAD' in HDPYFinalizeIO
WARNING: [Designutils 20-3303] unexpected site type 'IOPAD' in HDPYFinalizeIO
WARNING: [Designutils 20-3303] unexpected site type 'IOPAD' in HDPYFinalizeIO
WARNING: [Designutils 20-3303] unexpected site type 'IOPAD' in HDPYFinalizeIO
WARNING: [Designutils 20-3303] unexpected site type 'IOPAD' in HDPYFinalizeIO
WARNING: [Designutils 20-3303] unexpected site type 'IOPAD' in HDPYFinalizeIO
WARNING: [Designutils 20-3303] unexpected site type 'IOPAD' in HDPYFinalizeIO
WARNING: [Designutils 20-3303] unexpected site type 'IOPAD' in HDPYFinalizeIO
WARNING: [Designutils 20-3303] unexpected site type 'IOPAD' in HDPYFinalizeIO
WARNING: [Designutils 20-3303] unexpected site type 'IOPAD' in HDPYFinalizeIO
WARNING: [Designutils 20-3303] unexpected site type 'IOPAD' in HDPYFinalizeIO
WARNING: [Designutils 20-3303] unexpected site type 'IOPAD' in HDPYFinalizeIO
WARNING: [Designutils 20-3303] unexpected site type 'IOPAD' in HDPYFinalizeIO
WARNING: [Designutils 20-3303] unexpected site type 'IOPAD' in HDPYFinalizeIO
WARNING: [Designutils 20-3303] unexpected site type 'IOPAD' in HDPYFinalizeIO
WARNING: [Designutils 20-3303] unexpected site type 'IOPAD' in HDPYFinalizeIO
WARNING: [Designutils 20-3303] unexpected site type 'IOPAD' in HDPYFinalizeIO
WARNING: [Designutils 20-3303] unexpected site type 'IOPAD' in HDPYFinalizeIO
WARNING: [Designutils 20-3303] unexpected site type 'IOPAD' in HDPYFinalizeIO
WARNING: [Designutils 20-3303] unexpected site type 'IOPAD' in HDPYFinalizeIO
WARNING: [Designutils 20-3303] unexpected site type 'IOPAD' in HDPYFinalizeIO
WARNING: [Designutils 20-3303] unexpected site type 'IOPAD' in HDPYFinalizeIO
WARNING: [Designutils 20-3303] unexpected site type 'IOPAD' in HDPYFinalizeIO
WARNING: [Designutils 20-3303] unexpected site type 'IOPAD' in HDPYFinalizeIO
WARNING: [Designutils 20-3303] unexpected site type 'IOPAD' in HDPYFinalizeIO
WARNING: [Designutils 20-3303] unexpected site type 'IOPAD' in HDPYFinalizeIO
WARNING: [Designutils 20-3303] unexpected site type 'IOPAD' in HDPYFinalizeIO
WARNING: [Designutils 20-3303] unexpected site type 'IOPAD' in HDPYFinalizeIO
WARNING: [Designutils 20-3303] unexpected site type 'IOPAD' in HDPYFinalizeIO
WARNING: [Designutils 20-3303] unexpected site type 'IOPAD' in HDPYFinalizeIO
WARNING: [Designutils 20-3303] unexpected site type 'IOPAD' in HDPYFinalizeIO
WARNING: [Designutils 20-3303] unexpected site type 'IOPAD' in HDPYFinalizeIO
WARNING: [Designutils 20-3303] unexpected site type 'IOPAD' in HDPYFinalizeIO
WARNING: [Designutils 20-3303] unexpected site type 'IOPAD' in HDPYFinalizeIO
WARNING: [Designutils 20-3303] unexpected site type 'IOPAD' in HDPYFinalizeIO
WARNING: [Designutils 20-3303] unexpected site type 'IOPAD' in HDPYFinalizeIO
WARNING: [Designutils 20-3303] unexpected site type 'IOPAD' in HDPYFinalizeIO
WARNING: [Designutils 20-3303] unexpected site type 'IOPAD' in HDPYFinalizeIO
WARNING: [Designutils 20-3303] unexpected site type 'IOPAD' in HDPYFinalizeIO
WARNING: [Designutils 20-3303] unexpected site type 'IOPAD' in HDPYFinalizeIO
WARNING: [Designutils 20-3303] unexpected site type 'IOPAD' in HDPYFinalizeIO
WARNING: [Designutils 20-3303] unexpected site type 'IOPAD' in HDPYFinalizeIO
WARNING: [Designutils 20-3303] unexpected site type 'IOPAD' in HDPYFinalizeIO
WARNING: [Designutils 20-3303] unexpected site type 'IOPAD' in HDPYFinalizeIO
WARNING: [Designutils 20-3303] unexpected site type 'IOPAD' in HDPYFinalizeIO
WARNING: [Designutils 20-3303] unexpected site type 'IOPAD' in HDPYFinalizeIO
WARNING: [Designutils 20-3303] unexpected site type 'IOPAD' in HDPYFinalizeIO
WARNING: [Designutils 20-3303] unexpected site type 'IOPAD' in HDPYFinalizeIO
WARNING: [Designutils 20-3303] unexpected site type 'IOPAD' in HDPYFinalizeIO
WARNING: [Designutils 20-3303] unexpected site type 'IOPAD' in HDPYFinalizeIO
WARNING: [Designutils 20-3303] unexpected site type 'IOPAD' in HDPYFinalizeIO
WARNING: [Designutils 20-3303] unexpected site type 'IOPAD' in HDPYFinalizeIO
WARNING: [Designutils 20-3303] unexpected site type 'IOPAD' in HDPYFinalizeIO
WARNING: [Designutils 20-3303] unexpected site type 'IOPAD' in HDPYFinalizeIO
WARNING: [Designutils 20-3303] unexpected site type 'IOPAD' in HDPYFinalizeIO
WARNING: [Designutils 20-3303] unexpected site type 'IOPAD' in HDPYFinalizeIO
WARNING: [Designutils 20-3303] unexpected site type 'IOPAD' in HDPYFinalizeIO
WARNING: [Designutils 20-3303] unexpected site type 'IOPAD' in HDPYFinalizeIO
WARNING: [Designutils 20-3303] unexpected site type 'IOPAD' in HDPYFinalizeIO
WARNING: [Designutils 20-3303] unexpected site type 'IOPAD' in HDPYFinalizeIO
WARNING: [Designutils 20-3303] unexpected site type 'IOPAD' in HDPYFinalizeIO
INFO: [Common 17-14] Message 'Designutils 20-3303' appears 100 times and further instances of the messages will be disabled. Use the Tcl command set_msg_config to change the current settings.
WARNING: [DRC RTSTAT-10] No routable loads: 15 net(s) have no routable loads. The problem bus(es) and/or net(s) are tutorial_i/axi_mem_intercon/m00_couplers/auto_pc/inst/gen_axi4_axi3.axi3_conv_inst/USE_READ.USE_SPLIT_R.read_addr_inst/USE_R_CHANNEL.cmd_queue/inst/fifo_gen_inst/inst_fifo_gen/gconvfifo.rf/grf.rf/gntv_or_sync_fifo.gl0.rd/gr1.gr1_int.rfwft/aempty_fwft_i, tutorial_i/axi_mem_intercon/m00_couplers/auto_pc/inst/gen_axi4_axi3.axi3_conv_inst/USE_WRITE.write_addr_inst/USE_BURSTS.cmd_queue/inst/fifo_gen_inst/inst_fifo_gen/gconvfifo.rf/grf.rf/gntv_or_sync_fifo.gl0.rd/gr1.gr1_int.rfwft/aempty_fwft_i, tutorial_i/axi_mem_intercon/m00_couplers/auto_pc/inst/gen_axi4_axi3.axi3_conv_inst/USE_WRITE.write_addr_inst/USE_B_CHANNEL.cmd_b_queue/inst/fifo_gen_inst/inst_fifo_gen/gconvfifo.rf/grf.rf/gntv_or_sync_fifo.gl0.rd/gr1.gr1_int.rfwft/aempty_fwft_i, tutorial_i/axi_mem_intercon/m00_couplers/auto_pc/inst/gen_axi4_axi3.axi3_conv_inst/USE_READ.USE_SPLIT_R.read_addr_inst/USE_R_CHANNEL.cmd_queue/inst/fifo_gen_inst/inst_fifo_gen/gconvfifo.rf/grf.rf/gntv_or_sync_fifo.gl0.wr/gwss.wsts/ram_afull_fb, tutorial_i/axi_mem_intercon/m00_couplers/auto_pc/inst/gen_axi4_axi3.axi3_conv_inst/USE_WRITE.write_addr_inst/USE_BURSTS.cmd_queue/inst/fifo_gen_inst/inst_fifo_gen/gconvfifo.rf/grf.rf/gntv_or_sync_fifo.gl0.wr/gwss.wsts/ram_afull_fb, tutorial_i/axi_mem_intercon/m00_couplers/auto_pc/inst/gen_axi4_axi3.axi3_conv_inst/USE_WRITE.write_addr_inst/USE_B_CHANNEL.cmd_b_queue/inst/fifo_gen_inst/inst_fifo_gen/gconvfifo.rf/grf.rf/gntv_or_sync_fifo.gl0.wr/gwss.wsts/ram_afull_fb, tutorial_i/axi_mem_intercon/m00_couplers/auto_pc/inst/gen_axi4_axi3.axi3_conv_inst/USE_READ.USE_SPLIT_R.read_addr_inst/USE_R_CHANNEL.cmd_queue/inst/fifo_gen_inst/inst_fifo_gen/gconvfifo.rf/grf.rf/gntv_or_sync_fifo.gl0.wr/gwss.wsts/ram_afull_i, tutorial_i/axi_mem_intercon/m00_couplers/auto_pc/inst/gen_axi4_axi3.axi3_conv_inst/USE_WRITE.write_addr_inst/USE_BURSTS.cmd_queue/inst/fifo_gen_inst/inst_fifo_gen/gconvfifo.rf/grf.rf/gntv_or_sync_fifo.gl0.wr/gwss.wsts/ram_afull_i, tutorial_i/axi_mem_intercon/m00_couplers/auto_pc/inst/gen_axi4_axi3.axi3_conv_inst/USE_WRITE.write_addr_inst/USE_B_CHANNEL.cmd_b_queue/inst/fifo_gen_inst/inst_fifo_gen/gconvfifo.rf/grf.rf/gntv_or_sync_fifo.gl0.wr/gwss.wsts/ram_afull_i, tutorial_i/axi_mem_intercon/m00_couplers/auto_pc/inst/gen_axi4_axi3.axi3_conv_inst/USE_READ.USE_SPLIT_R.read_addr_inst/USE_R_CHANNEL.cmd_queue/inst/fifo_gen_inst/inst_fifo_gen/gconvfifo.rf/grf.rf/gntv_or_sync_fifo.gl0.rd/grss.rsts/ram_empty_i, tutorial_i/axi_mem_intercon/m00_couplers/auto_pc/inst/gen_axi4_axi3.axi3_conv_inst/USE_WRITE.write_addr_inst/USE_BURSTS.cmd_queue/inst/fifo_gen_inst/inst_fifo_gen/gconvfifo.rf/grf.rf/gntv_or_sync_fifo.gl0.rd/grss.rsts/ram_empty_i, tutorial_i/axi_mem_intercon/m00_couplers/auto_pc/inst/gen_axi4_axi3.axi3_conv_inst/USE_WRITE.write_addr_inst/USE_B_CHANNEL.cmd_b_queue/inst/fifo_gen_inst/inst_fifo_gen/gconvfifo.rf/grf.rf/gntv_or_sync_fifo.gl0.rd/grss.rsts/ram_empty_i, tutorial_i/axi_mem_intercon/m00_couplers/auto_pc/inst/gen_axi4_axi3.axi3_conv_inst/USE_READ.USE_SPLIT_R.read_addr_inst/USE_R_CHANNEL.cmd_queue/inst/fifo_gen_inst/inst_fifo_gen/gconvfifo.rf/grf.rf/gntv_or_sync_fifo.gl0.rd/gr1.gr1_int.rfwft/user_valid, tutorial_i/axi_mem_intercon/m00_couplers/auto_pc/inst/gen_axi4_axi3.axi3_conv_inst/USE_WRITE.write_addr_inst/USE_BURSTS.cmd_queue/inst/fifo_gen_inst/inst_fifo_gen/gconvfifo.rf/grf.rf/gntv_or_sync_fifo.gl0.rd/gr1.gr1_int.rfwft/user_valid, and tutorial_i/axi_mem_intercon/m00_couplers/auto_pc/inst/gen_axi4_axi3.axi3_conv_inst/USE_WRITE.write_addr_inst/USE_B_CHANNEL.cmd_b_queue/inst/fifo_gen_inst/inst_fifo_gen/gconvfifo.rf/grf.rf/gntv_or_sync_fifo.gl0.rd/gr1.gr1_int.rfwft/user_valid.
INFO: [DRC REQP-181] writefirst: Synchronous clocking is detected for BRAM (tutorial_i/mm_eval/axi_dma/U0/I_PRMRY_DATAMOVER/GEN_MM2S_FULL.I_MM2S_FULL_WRAPPER/GEN_INCLUDE_MM2S_SF.I_RD_SF/I_DATA_FIFO/BLK_MEM.I_SYNC_FIFOGEN_FIFO/xpm_fifo_instance.xpm_fifo_sync_inst/xpm_fifo_base_inst/gen_sdpram.xpm_memory_base_inst/gen_wr_a.gen_word_narrow.mem_reg) in SDP mode with WRITE_FIRST write-mode. This is the preferred mode for best power characteristics, however it may exhibit address collisions if the same address appears on both read and write ports resulting in unknown or corrupted read data. It is suggested to confirm via simulation that an address collision never occurs and if so it is suggested to try and avoid this situation. If address collisions cannot be avoided, the write-mode may be set to READ_FIRST which guarantees that the read data is the prior contents of the memory at the cost of additional power in the design. See the FPGA Memory Resources User Guide for additional information.
INFO: [DRC REQP-181] writefirst: Synchronous clocking is detected for BRAM (tutorial_i/mm_eval/axi_dma/U0/I_PRMRY_DATAMOVER/GEN_S2MM_FULL.I_S2MM_FULL_WRAPPER/GEN_ENABLE_INDET_BTT_SF.I_INDET_BTT/I_DATA_FIFO/BLK_MEM.I_SYNC_FIFOGEN_FIFO/xpm_fifo_instance.xpm_fifo_sync_inst/xpm_fifo_base_inst/gen_sdpram.xpm_memory_base_inst/gen_wr_a.gen_word_narrow.mem_reg) in SDP mode with WRITE_FIRST write-mode. This is the preferred mode for best power characteristics, however it may exhibit address collisions if the same address appears on both read and write ports resulting in unknown or corrupted read data. It is suggested to confirm via simulation that an address collision never occurs and if so it is suggested to try and avoid this situation. If address collisions cannot be avoided, the write-mode may be set to READ_FIRST which guarantees that the read data is the prior contents of the memory at the cost of additional power in the design. See the FPGA Memory Resources User Guide for additional information.
INFO: [Vivado 12-3199] DRC finished with 0 Errors, 1 Warnings, 2 Advisories
INFO: [Vivado 12-3200] Please refer to the DRC report (report_drc) for more information.
INFO: [Designutils 20-2272] Running write_bitstream with 4 threads.
Loading data files...
Loading site data...
Loading route data...
Processing options...
Creating bitmap...
Creating bitstream...
Writing bitstream ./tutorial_wrapper.bit...
INFO: [Vivado 12-1842] Bitgen Completed Successfully.
INFO: [Project 1-120] WebTalk data collection is mandatory when using a WebPACK part without a full Vivado license. To see the specific WebTalk data collected for your design, open the usage_statistics_webtalk.html or usage_statistics_webtalk.xml file in the implementation directory.
INFO: [Common 17-83] Releasing license: Implementation
148 Infos, 302 Warnings, 0 Critical Warnings and 0 Errors encountered.
write_bitstream completed successfully
write_bitstream: Time (s): cpu = 00:01:17 ; elapsed = 00:00:50 . Memory (MB): peak = 3405.516 ; gain = 367.504 ; free physical = 791 ; free virtual = 5038
INFO: [Common 17-206] Exiting Vivado at Fri Jul 29 19:26:32 2022...
